[    0.000000] random: get_random_bytes called from start_kernel+0x42/0x4e1 with crng_init=0
[    0.000000] Linux version 4.13.0-21-generic (buildd@lgw01-amd64-037) (gcc version 7.2.0 (Ubuntu 7.2.0-8ubuntu3)) #24-Ubuntu SMP Mon Dec 18 17:29:16 UTC 2017 (Ubuntu 4.13.0-21.24-generic 4.13.13)
[    0.000000] Command line: BOOT_IMAGE=/boot/vmlinuz-4.13.0-21-generic root=LABEL=cloudimg-rootfs ro console=tty1 console=ttyS0
[    0.000000] KERNEL supported cpus:
[    0.000000]   Intel GenuineIntel
[    0.000000]   AMD AuthenticAMD
[    0.000000]   Centaur CentaurHauls
[    0.000000] XSAVE consistency problem, dumping leaves
[    0.000000] ------------[ cut here ]------------
[    0.000000] WARNING: CPU: 0 PID: 0 at /build/linux-8h04gD/linux-4.13.0/arch/x86/kernel/fpu/xstate.c:596 fpu__init_system_xstate+0x437/0x7f0
[    0.000000] Modules linked in:
[    0.000000] CPU: 0 PID: 0 Comm: swapper Not tainted 4.13.0-21-generic #24-Ubuntu
[    0.000000] task: ffffffffbc810480 task.stack: ffffffffbc800000
[    0.000000] RIP: 0010:fpu__init_system_xstate+0x437/0x7f0
[    0.000000] RSP: 0000:ffffffffbc803d88 EFLAGS: 00010082 ORIG_RAX: 0000000000000000
[    0.000000] RAX: 0000000000000029 RBX: 000000000000000a RCX: ffffffffbc85fd88
[    0.000000] RDX: 0000000000000000 RSI: 0000000000000096 RDI: 0000000000000047
[    0.000000] RBP: ffffffffbc803de8 R08: 6f63204556415358 R09: 0000000000000007
[    0.000000] R10: ffffffffbca5be00 R11: 0000000000000000 R12: 0000000000000340
[    0.000000] R13: 0000000000000440 R14: ffffffffbc803da8 R15: 0000000000000100
[    0.000000] FS:  0000000000000000(0000) GS:ffffffffbca7f000(0000) knlGS:0000000000000000
[    0.000000] CS:  0010 DS: 0000 ES: 0000 CR0: 0000000080050033
[    0.000000] CR2: ffff88000008a000 CR3: 0000000046d13000 CR4: 00000000000406a0
[    0.000000] Call Trace:
[    0.000000]  ? get_cpu_cap+0x2a3/0x370
[    0.000000]  ? msr_clear_bit+0x3a/0xa0
[    0.000000]  fpu__init_system+0x1fb/0x248
[    0.000000]  early_cpu_init+0x145/0x14c
[    0.000000]  ? 0xffffffffbba00000
[    0.000000]  setup_arch+0xbf/0xcd4
[    0.000000]  ? printk+0x52/0x6e
[    0.000000]  ? early_idt_handler_array+0x120/0x120
[    0.000000]  start_kernel+0xab/0x4e1
[    0.000000]  ? early_idt_handler_array+0x120/0x120
[    0.000000]  x86_64_start_reservations+0x24/0x26
[    0.000000]  x86_64_start_kernel+0x13e/0x161
[    0.000000]  secondary_startup_64+0x9f/0x9f
[    0.000000] Code: 0f 85 42 fd ff ff 44 3b 25 44 e9 22 00 74 2c 80 3d b2 94 f6 ff 00 75 15 48 c7 c7 78 f9 68 bc c6 05 a2 94 f6 ff 01 e8 9f 70 03 ff <0f> ff 83 3d f5 be d7 ff 00 74 05 e8 4b b5 f8 fe 48 8b 35 87 f3 
[    0.000000] ---[ end trace e257595fdf3cb429 ]---
[    0.000000] CPUID[0d, 00]: eax=00000007 ebx=00000440 ecx=00000440 edx=00000000
[    0.000000] CPUID[0d, 01]: eax=00000000 ebx=000003c0 ecx=00000000 edx=00000000
[    0.000000] CPUID[0d, 02]: eax=00000100 ebx=00000240 ecx=00000000 edx=00000000
[    0.000000] CPUID[0d, 03]: eax=00000000 ebx=00000000 ecx=00000000 edx=00000000
[    0.000000] CPUID[0d, 04]: eax=00000000 ebx=00000000 ecx=00000000 edx=00000000
[    0.000000] CPUID[0d, 05]: eax=00000000 ebx=00000000 ecx=00000000 edx=00000000
[    0.000000] CPUID[0d, 06]: eax=00000000 ebx=00000000 ecx=00000000 edx=00000000
[    0.000000] CPUID[0d, 07]: eax=00000000 ebx=00000000 ecx=00000000 edx=00000000
[    0.000000] CPUID[0d, 08]: eax=00000000 ebx=00000000 ecx=00000000 edx=00000000
[    0.000000] CPUID[0d, 09]: eax=00000000 ebx=00000000 ecx=00000000 edx=00000000
[    0.000000] CPUID[0d, 0a]: eax=00000000 ebx=00000000 ecx=00000000 edx=00000000
[    0.000000] CPUID[0d, 0b]: eax=00000000 ebx=00000000 ecx=00000000 edx=00000000
[    0.000000] CPUID[0d, 0c]: eax=00000000 ebx=00000000 ecx=00000000 edx=00000000
[    0.000000] CPUID[0d, 0d]: eax=00000000 ebx=00000000 ecx=00000000 edx=00000000
[    0.000000] CPUID[0d, 0e]: eax=00000000 ebx=00000000 ecx=00000000 edx=00000000
[    0.000000] CPUID[0d, 0f]: eax=00000000 ebx=00000000 ecx=00000000 edx=00000000
[    0.000000] CPUID[0d, 10]: eax=00000000 ebx=00000000 ecx=00000000 edx=00000000
[    0.000000] CPUID[0d, 11]: eax=00000000 ebx=00000000 ecx=00000000 edx=00000000
[    0.000000] CPUID[0d, 12]: eax=00000000 ebx=00000000 ecx=00000000 edx=00000000
[    0.000000] CPUID[0d, 13]: eax=00000000 ebx=00000000 ecx=00000000 edx=00000000
[    0.000000] x86/fpu: Supporting XSAVE feature 0x001: 'x87 floating point registers'
[    0.000000] x86/fpu: Supporting XSAVE feature 0x002: 'SSE registers'
[    0.000000] x86/fpu: Supporting XSAVE feature 0x004: 'AVX registers'
[    0.000000] x86/fpu: xstate_offset[2]:  576, xstate_sizes[2]:  256
[    0.000000] x86/fpu: Enabled xstate features 0x7, context size is 1088 bytes, using 'standard' format.
[    0.000000] e820: BIOS-provided physical RAM map:
[    0.000000] BIOS-e820: [mem 0x0000000000000000-0x000000000009fbff] usable
[    0.000000] BIOS-e820: [mem 0x000000000009fc00-0x000000000009ffff] reserved
[    0.000000] BIOS-e820: [mem 0x00000000000f0000-0x00000000000fffff] reserved
[    0.000000] BIOS-e820: [mem 0x0000000000100000-0x000000007ffeffff] usable
[    0.000000] BIOS-e820: [mem 0x000000007fff0000-0x000000007fffffff] ACPI data
[    0.000000] BIOS-e820: [mem 0x00000000fec00000-0x00000000fec00fff] reserved
[    0.000000] BIOS-e820: [mem 0x00000000fee00000-0x00000000fee00fff] reserved
[    0.000000] BIOS-e820: [mem 0x00000000fffc0000-0x00000000ffffffff] reserved
[    0.000000] NX (Execute Disable) protection: active
[    0.000000] random: fast init done
[    0.000000] SMBIOS 2.5 present.
[    0.000000] DMI: innotek GmbH VirtualBox/VirtualBox, BIOS VirtualBox 12/01/2006
[    0.000000] Hypervisor detected: KVM
[    0.000000] tsc: Fast TSC calibration using PIT
[    0.000000] e820: last_pfn = 0x7fff0 max_arch_pfn = 0x400000000
[    0.000000] MTRR: Disabled
[    0.000000] x86/PAT: MTRRs disabled, skipping PAT initialization too.
[    0.000000] CPU MTRRs all blank - virtualized system.
[    0.000000] x86/PAT: Configuration [0-7]: WB  WT  UC- UC  WB  WT  UC- UC  
[    0.000000] found SMP MP-table at [mem 0x0009fff0-0x0009ffff] mapped at [ffff9647c009fff0]
[    0.000000] Scanning 1 areas for low memory corruption
[    0.000000] RAMDISK: [mem 0x3682f000-0x3740efff]
[    0.000000] ACPI: Early table checksum verification disabled
[    0.000000] ACPI: RSDP 0x00000000000E0000 000024 (v02 VBOX  )
[    0.000000] ACPI: XSDT 0x000000007FFF0030 00003C (v01 VBOX   VBOXXSDT 00000001 ASL  00000061)
[    0.000000] ACPI: FACP 0x000000007FFF00F0 0000F4 (v04 VBOX   VBOXFACP 00000001 ASL  00000061)
[    0.000000] ACPI: DSDT 0x000000007FFF0470 0021FF (v02 VBOX   VBOXBIOS 00000002 INTL 20100528)
[    0.000000] ACPI: FACS 0x000000007FFF0200 000040
[    0.000000] ACPI: FACS 0x000000007FFF0200 000040
[    0.000000] ACPI: APIC 0x000000007FFF0240 00005C (v02 VBOX   VBOXAPIC 00000001 ASL  00000061)
[    0.000000] ACPI: SSDT 0x000000007FFF02A0 0001CC (v01 VBOX   VBOXCPUT 00000002 INTL 20100528)
[    0.000000] No NUMA configuration found
[    0.000000] Faking a node at [mem 0x0000000000000000-0x000000007ffeffff]
[    0.000000] NODE_DATA(0) allocated [mem 0x7ffc5000-0x7ffeffff]
[    0.000000] kvm-clock: Using msrs 4b564d01 and 4b564d00
[    0.000000] kvm-clock: cpu 0, msr 0:7ff45001, primary cpu clock
[    0.000000] kvm-clock: using sched offset of 3822267633 cycles
[    0.000000] clocksource: kvm-clock: mask: 0xffffffffffffffff max_cycles: 0x1cd42e4dffb, max_idle_ns: 881590591483 ns
[    0.000000] Zone ranges:
[    0.000000]   DMA      [mem 0x0000000000001000-0x0000000000ffffff]
[    0.000000]   DMA32    [mem 0x0000000001000000-0x000000007ffeffff]
[    0.000000]   Normal   empty
[    0.000000]   Device   empty
[    0.000000] Movable zone start for each node
[    0.000000] Early memory node ranges
[    0.000000]   node   0: [mem 0x0000000000001000-0x000000000009efff]
[    0.000000]   node   0: [mem 0x0000000000100000-0x000000007ffeffff]
[    0.000000] Initmem setup node 0 [mem 0x0000000000001000-0x000000007ffeffff]
[    0.000000] ACPI: PM-Timer IO Port: 0x4008
[    0.000000] IOAPIC[0]: apic_id 2, version 32, address 0xfec00000, GSI 0-23
[    0.000000] ACPI: INT_SRC_OVR (bus 0 bus_irq 0 global_irq 2 dfl dfl)
[    0.000000] ACPI: INT_SRC_OVR (bus 0 bus_irq 9 global_irq 9 high level)
[    0.000000] Using ACPI (MADT) for SMP configuration information
[    0.000000] smpboot: Allowing 2 CPUs, 0 hotplug CPUs
[    0.000000] PM: Registered nosave memory: [mem 0x00000000-0x00000fff]
[    0.000000] PM: Registered nosave memory: [mem 0x0009f000-0x0009ffff]
[    0.000000] PM: Registered nosave memory: [mem 0x000a0000-0x000effff]
[    0.000000] PM: Registered nosave memory: [mem 0x000f0000-0x000fffff]
[    0.000000] e820: [mem 0x80000000-0xfebfffff] available for PCI devices
[    0.000000] Booting paravirtualized kernel on KVM
[    0.000000] clocksource: refined-jiffies: mask: 0xffffffff max_cycles: 0xffffffff, max_idle_ns: 7645519600211568 ns
[    0.000000] setup_percpu: NR_CPUS:8192 nr_cpumask_bits:2 nr_cpu_ids:2 nr_node_ids:1
[    0.000000] percpu: Embedded 39 pages/cpu @ffff96483fc00000 s119704 r8192 d31848 u1048576
[    0.000000] PV qspinlock hash table entries: 256 (order: 0, 4096 bytes)
[    0.000000] Built 1 zonelists in Node order, mobility grouping on.  Total pages: 515961
[    0.000000] Policy zone: DMA32
[    0.000000] Kernel command line: BOOT_IMAGE=/boot/vmlinuz-4.13.0-21-generic root=LABEL=cloudimg-rootfs ro console=tty1 console=ttyS0
[    0.000000] PID hash table entries: 4096 (order: 3, 32768 bytes)
[    0.000000] Memory: 2028932K/2096696K available (9294K kernel code, 2479K rwdata, 3996K rodata, 2324K init, 2384K bss, 67764K reserved, 0K cma-reserved)
[    0.000000] SLUB: HWalign=64, Order=0-3, MinObjects=0, CPUs=2, Nodes=1
[    0.000000] ftrace: allocating 37783 entries in 148 pages
[    0.004000] Hierarchical RCU implementation.
[    0.004000] 	RCU restricting CPUs from NR_CPUS=8192 to nr_cpu_ids=2.
[    0.004000] 	Tasks RCU enabled.
[    0.004000] RCU: Adjusting geometry for rcu_fanout_leaf=16, nr_cpu_ids=2
[    0.004000] NR_IRQS: 524544, nr_irqs: 440, preallocated irqs: 16
[    0.004000] Console: colour VGA+ 80x25
[    0.004000] console [tty1] enabled
[    0.004000] console [ttyS0] enabled
[    0.004000] tsc: Detected 2808.000 MHz processor
[    0.004000] Calibrating delay loop (skipped) preset value.. 5616.00 BogoMIPS (lpj=11232000)
[    0.004000] pid_max: default: 32768 minimum: 301
[    0.004000] ACPI: Core revision 20170531
[    0.004678] ACPI: 2 ACPI AML tables successfully acquired and loaded
[    0.008058] Security Framework initialized
[    0.009005] Yama: becoming mindful.
[    0.009859] AppArmor: AppArmor initialized
[    0.015416] Dentry cache hash table entries: 262144 (order: 9, 2097152 bytes)
[    0.020035] Inode-cache hash table entries: 131072 (order: 8, 1048576 bytes)
[    0.024028] Mount-cache hash table entries: 4096 (order: 3, 32768 bytes)
[    0.028019] Mountpoint-cache hash table entries: 4096 (order: 3, 32768 bytes)
[    0.032279] CPU: Physical Processor ID: 0
[    0.036010] CPU: Processor Core ID: 0
[    0.040034] mce: CPU supports 0 MCE banks
[    0.044035] Last level iTLB entries: 4KB 64, 2MB 8, 4MB 8
[    0.045170] Last level dTLB entries: 4KB 64, 2MB 0, 4MB 0, 1GB 4
[    0.048122] Freeing SMP alternatives memory: 36K
[    0.053432] smpboot: Max logical packages: 1
[    0.056349] x2apic enabled
[    0.057270] Switched APIC routing o physical x2apic.

[    0.061605] ..TIMER: vector=0x30 apic1=0 pin1=2 apic2=-1 pin2=-1
[    0.068000] smpboot: CPU0: Intel(R) Core(TM) i7-6600U CPU @ 2.60GHz (family: 0x6, model: 0x4e, stepping: 0x3)
[    0.068094] Performance Events: unsupported p6 CPU model 78 no PMU driver, software events only.
[    0.072088] Hierarchical SRCU implementation.
[    0.073734] smp: Bringing up secondary CPUs ...
[    0.076121] x86: Booting SMP configuration:
[    0.080007] .... node  #0, CPUs:      #1
[    0.004000] kvm-clock: cpu 1, msr 0:7ff45041, secondary cpu clock
[    0.004000] mce: CPU supports 0 MCE banks
[    0.090334] smp: Brought up 1 node, 2 CPUs
[    0.092015] smpboot: Total of 2 processors activated (11232.00 BogoMIPS)
[    0.096048] devtmpfs: initialized
[    0.100233] x86/mm: Memory block size: 128MB
[    0.101493] evm: security.selinux
[    0.102196] evm: security.SMACK64
[    0.103030] evm: security.SMACK64EXEC
[    0.104004] evm: security.SMACK64TRANSMUTE
[    0.104952] evm: security.SMACK64MMAP
[    0.108005] evm: security.ima
[    0.112007] evm: security.capability
[    0.116126] clocksource: jiffies: mask: 0xffffffff max_cycles: 0xffffffff, max_idle_ns: 7645041785100000 ns
[    0.120025] futex hash table entries: 512 (order: 3, 32768 bytes)
[    0.124093] pinctrl core: initialized pinctrl subsystem
[    0.128150] RTC time:  4:07:24, date: 01/07/18
[    0.132155] NET: Registered protocol family 16
[    0.133209] cpuidle: using governor ladder
[    0.136062] cpuidle: using governor menu
[    0.140005] PCCT header not found.
[    0.144061] ACPI: bus type PCI registered
[    0.148008] acpiphp: ACPI Hot Plug PCI Controller Driver version: 0.5
[    0.149459] PCI: Using configuration type 1 for base access
[    0.155034] HugeTLB registered 2.00 MiB page size, pre-allocated 0 pages
[    0.164082] ACPI: Added _OSI(Module Device)
[    0.164950] ACPI: Added _OSI(Processor Device)
[    0.165953] ACPI: Added _OSI(3.0 _SCP Extensions)
[    0.165953] ACPI: Added _OSI(Processor Aggregator Device)
[    0.168008] ACPI: Executed 1 blocks of module-level executable AML code
[    0.169974] ACPI: Interpreter enabled
[    0.172016] ACPI: (supports S0 S5)
[    0.175449] ACPI: Using IOAPIC for interrupt routing
[    0.180228] PCI: Using host bridge windows from ACPI; if necessary, use "pci=nocrs" and report a bug
[    0.180228] ACPI: Enabled 2 GPEs in block 00 to 07
[    0.185824] ACPI: PCI Root Bridge [PCI0] (domain 0000 [bus 00-ff])
[    0.196018] acpi PNP0A03:00: _OSC: OS supports [ASPM ClockPM Segments MSI]
[    0.204050] acpi PNP0A03:00: _OSC: not requesting OS control; OS requires [ExtendedConfig ASPM ClockPM MSI]
[    0.204050] acpi PNP0A03:00: fail to add MMCONFIG information, can't access extended PCI configuration space under this bridge.
[    0.206631] PCI host bridge to bus 0000:00
[    0.212007] pci_bus 0000:00: root bus resource [io  0x0000-0x0cf7 window]
[    0.213386] pci_bus 0000:00: root bus resource [io  0x0d00-0xffff window]
[    0.216007] pci_bus 0000:00: root bus resource [mem 0x000a0000-0x000bffff window]
[    0.217793] pci_bus 0000:00: root bus resource [mem 0x80000000-0xffdfffff window]
[    0.217793] pci_bus 0000:00: root bus resource [bus 00-ff]
[    0.221180] pci 0000:00:01.1: legacy IDE quirk: reg 0x10: [io  0x01f0-0x01f7]
[    0.224008] pci 0000:00:01.1: legacy IDE quirk: reg 0x14: [io  0x03f6]
[    0.225490] pci 0000:00:01.1: legacy IDE quirk: reg 0x18: [io  0x0170-0x0177]
[    0.228007] pci 0000:00:01.1: legacy IDE quirk: reg 0x1c: [io  0x0376]
[    0.257994] pci 0000:00:07.0: quirk: [io  0x4000-0x403f] claimed by PIIX4 ACPI
[    0.272033] pci 0000:00:07.0: quirk: [io  0x4100-0x410f] claimed by PIIX4 SMB
[    0.281263] ACPI: PCI Interrupt Link [LNKA] (IRQs 5 9 10 *11)
[    0.292705] ACPI: PCI Interrupt Link [LNKB] (IRQs 5 9 10 *11)
[    0.296098] ACPI: PCI Interrupt Link [LNKC] (IRQs 5 9 *10 11)
[    0.296101] ACPI: PCI Interrupt Link [LNKD] (IRQs 5 *9 10 11)
[    0.300005] SCSI subsystem initialized
[    0.300092] pci 0000:00:02.0: vgaarb: setting as boot VGA device
[    0.301347] pci 0000:00:02.0: vgaarb: VGA device added: decodes=io+mem,owns=io+mem,locks=none
[    0.304008] pci 0000:00:02.0: vgaarb: bridge control possible
[    0.305201] vgaarb: loaded
[    0.306016] ACPI: bus type USB registered
[    0.306016] usbcore: registered new interface driver usbfs
[    0.306016] usbcore: registered new interface driver hub
[    0.308004] usbcore: registered new device driver usb
[    0.312061] EDAC MC: Ver: 3.0.0
[    0.313047] PCI: Using ACPI for IRQ routing
[    0.316260] NetLabel: Initializing
[    0.318428] NetLabel:  domain hash size = 128
[    0.320004] NetLabel:  protocols = UNLABELED CIPSOv4 CALIPSO
[    0.321192] NetLabel:  unlabeled traffic allowed by default
[    0.332158] clocksource: Switched to clocksource kvm-clock
[    0.362112] VFS: Disk quotas dquot_6.6.0
[    0.373463] VFS: Dquot-cache hash table entries: 512 (order 0, 4096 bytes)
[    0.376034] AppArmor: AppArmor Filesystem Enabled
[    0.384019] pnp: PnP ACPI init
[    0.388490] pnp: PnP ACPI: found 3 devices
[    0.395131] clocksource: acpi_pm: mask: 0xffffff max_cycles: 0xffffff, max_idle_ns: 2085701024 ns
[    0.404629] NET: Registered protocol family 2
[    0.405846] TCP established hash table entries: 16384 (order: 5, 131072 bytes)
[    0.410139] TCP bind hash table entries: 16384 (order: 6, 262144 bytes)
[    0.414242] TCP: Hash tables configured (established 16384 bind 16384)
[    0.415629] UDP hash table entries: 1024 (order: 3, 32768 bytes)
[    0.418563] UDP-Lite hash table entries: 1024 (order: 3, 32768 bytes)
[    0.433478] NET: Registered protocol family 1
[    0.434472] pci 0000:00:00.0: Limiting direct PCI/PCI transfers
[    0.435721] pci 0000:00:01.0: Activating ISA DMA hang workarounds
[    0.437065] pci 0000:00:02.0: Video device with shadowed ROM at [mem 0x000c0000-0x000dffff]
[    0.440194] Unpacking initramfs...
[    2.775994] Freeing initrd memory: 12160K
[    2.802414] platform rtc_cmos: registered platform RTC device (no PNP device found)
[    2.825943] Scanning for low memory corruption every 60 seconds
[    2.869240] audit: initializing netlink subsys (disabled)
[    2.918644] audit: type=2000 audit(1515298048.109:1): state=initialized audit_enabled=0 res=1
[    2.918947] Initialise system trusted keyrings
[    2.918959] Key type blacklist registered
[    2.918993] workingset: timestamp_bits=36 max_order=19 bucket_order=0
[    2.920227] zbud: loaded
[    2.920596] squashfs: version 4.0 (2009/01/31) Phillip Lougher
[    2.920744] fuse init (API version 7.26)
[    2.921586] Key type asymmetric registered
[    2.921587] Asymmetric key parser 'x509' registered
[    2.921616] Block layer SCSI generic (bsg) driver version 0.4 loaded (major 247)
[    2.921637] io scheduler noop registered
[    2.921638] io scheduler deadline registered
[    2.921668] io scheduler cfq registered (default)
[    2.967141] ACPI: AC Adapter [AC] (off-line)
[    2.969870] input: Power Button as /devices/LNXSYSTM:00/LNXPWRBN:00/input/input0
[    3.057350] ACPI: Power Button [PWRF]
[    3.111325] input: Sleep Button as /devices/LNXSYSTM:00/LNXSLPBN:00/input/input1
[    3.134270] ACPI: Sleep Button [SLPF]
[    3.172870] GHES: HEST is not enabled!
[    3.173450] ACPI: Battery Slot [BAT0] (battery present)
[    3.305203] Serial: 8250/16550 driver, 32 ports, IRQ sharing enabled
[    3.336336] 00:02: ttyS0 at I/O 0x3f8 (irq = 4, base_baud = 115200) is a 16550A
[    3.348062] Linux agpgart interface v0.103
[    3.421905] loop: module loaded
[    3.439335] scsi host0: ata_piix
[    3.479097] scsi host1: ata_piix
[    3.498575] ata1: PATA max UDMA/33 cmd 0x1f0 ctl 0x3f6 bmdma 0xd000 irq 14
[    3.567149] ata2: PATA max UDMA/33 cmd 0x170 ctl 0x376 bmdma 0xd008 irq 15
[    3.635159] libphy: Fixed MDIO Bus: probed
[    3.637284] tun: Universal TUN/TAP device driver, 1.6
[    3.641775] PPP generic driver version 2.4.2
[    3.673775] ehci_hcd: USB 2.0 'Enhanced' Host Controller (EHCI) Driver
[    3.717020] ehci-pci: EHCI PCI platform driver
[    3.795761] ehci-platform: EHCI generic platform driver
[    3.809250] tsc: Refined TSC clocksource calibration: 2808.493 MHz
[    3.809257] clocksource: tsc: mask: 0xffffffffffffffff max_cycles: 0x287b97fcaef, max_idle_ns: 440795311177 ns
[    3.850411] ohci_hcd: USB 1.1 'Open' Host Controller (OHCI) Driver
[    3.892354] ohci-pci: OHCI PCI platform driver
[    3.945952] ohci-platform: OHCI generic platform driver
[    3.964615] uhci_hcd: USB Universal Host Controller Interface driver
[    3.965821] i8042: PNP: PS/2 Controller [PNP0303:PS2K,PNP0f03:PS2M] at 0x60,0x64 irq 1,12
[    3.969866] serio: i8042 KBD port at 0x60,0x64 irq 1
[    3.977286] serio: i8042 AUX port at 0x60,0x64 irq 12
[    3.983641] mousedev: PS/2 mouse device common for all mice
[    3.987669] input: AT Translated Set 2 keyboard as /devices/platform/i8042/serio0/input/input2
[    4.018846] rtc_cmos rtc_cmos: rtc core: registered rtc_cmos as rtc0
[    4.059486] rtc_cmos rtc_cmos: alarms up to one day, 114 bytes nvram
[    4.103989] i2c /dev entries driver
[    4.147316] device-mapper: uevent: version 1.0.3
[    4.161220] device-mapper: ioctl: 4.37.0-ioctl (2017-09-20) initialised: dm-devel@redhat.com
[    4.163880] ledtrig-cpu: registered to indicate activity on CPUs
[    4.167898] NET: Registered protocol family 10
[    4.183534] Segment Routing with IPv6
[    4.206367] NET: Registered protocol family 17
[    4.222810] Key type dns_resolver registered
[    4.226736] RAS: Correctable Errors collector initialized.
[    4.262713] sched_clock: Marking stable (4262597720, 0)->(8433426224, -4170828504)
[    4.265576] registered taskstats version 1
[    4.266652] Loading compiled-in X.509 certificates
[    4.272836] Loaded X.509 cert 'Build time autogenerated kernel key: 8c61b306cc82289e70547acfa97fb64605db7755'
[    4.359473] zswap: loaded using pool lzo/zbud
[    4.435890] Key type big_key registered
[    4.469598] Key type trusted registered
[    4.474753] Key type encrypted registered
[    4.482251] AppArmor: AppArmor sha1 policy hashing enabled
[    4.490429] ima: No TPM chip found, activating TPM-bypass! (rc=-19)
[    4.526352] evm: HMAC attrs: 0x1
[    4.569033]   Magic number: 2:978:109
[    4.618152] rtc_cmos rtc_cmos: setting system clock to 2018-01-07 04:07:28 UTC (1515298048)
[    4.640134] BIOS EDD facility v0.16 2004-Jun-25, 0 devices found
[    4.688827] EDD information not available.
[    4.692637] Freeing unused kernel memory: 2324K
[    4.722304] Write protecting the kernel read-only data: 14336k
[    4.798098] Freeing unused kernel memory: 932K
[    4.830799] Freeing unused kernel memory: 100K
[    4.876774] x86/mm: Checked W+X mappings: passed, no W+X pages found.
Loading, please wait...
starting version 234
[    4.950758] e1000: Intel(R) PRO/1000 Network Driver - version 7.3.21-k8-NAPI
[    4.988536] e1000: Copyright (c) 1999-2006 Intel Corporation.
[    4.992765] Fusion MPT base driver 3.04.20
[    5.007955] Copyright (c) 1999-2008 LSI Corporation
[    5.013564] Fusion MPT SPI Host driver 3.04.20
[    5.026415] AVX version of gcm_enc/dec engaged.
[    5.034725] AES CTR mode by8 optimization enabled
[    5.237265] input: ImExPS/2 Generic Explorer Mouse as /devices/platform/i8042/serio1/input/input4
[    5.386290] e1000 0000:00:03.0 eth0: (PCI:33MHz:32-bit) 02:30:bf:8d:09:44
[    5.543486] e1000 0000:00:03.0 eth0: Intel(R) PRO/1000 Network Connection
[    5.708530] mptbase: ioc0: Initiating bringup
[    5.708609] e1000 0000:00:03.0 enp0s3: renamed from eth0
[    5.829582] ioc0: LSI53C1030 A0: Capabilities={Initiator}
[    6.134220] scsi host2: ioc0: LSI53C1030 A0, FwRev=00000000h, Ports=1, MaxQ=256, IRQ=20
[    6.325452] scsi 2:0:0:0: Direct-Access     VBOX     HARDDISK         1.0  PQ: 0 ANSI: 5
[    6.539130] scsi target2:0:0: Beginning Domain Validation
[    6.607338] scsi target2:0:0: Domain Validation skipping write tests
[    6.755766] scsi target2:0:0: Ending Domain Validation
[    6.826508] scsi target2:0:0: asynchronous
[    6.892572] scsi 2:0:1:0: Direct-Access     VBOX     HARDDISK         1.0  PQ: 0 ANSI: 5
[    7.025173] scsi target2:0:1: Beginning Domain Validation
[    7.087475] scsi target2:0:1: Domain Validation skipping write tests
[    7.204398] scsi target2:0:1: Ending Domain Validation
[    7.322223] scsi target2:0:1: asynchronous
[    7.451478] sd 2:0:0:0: [sda] 20971520 512-byte logical blocks: (10.7 GB/10.0 GiB)
[    7.475722] sd 2:0:0:0: Attached scsi generic sg0 type 0
[    7.475821] sd 2:0:0:0: [sda] Write Protect is off
[    7.475900] sd 2:0:0:0: [sda] Incomplete mode parameter data
[    7.475902] sd 2:0:0:0: [sda] Assuming drive cache: write through
[    7.476773]  sda: sda1
[    7.477377] sd 2:0:0:0: [sda] Attached SCSI disk
[    7.515702] sd 2:0:1:0: Attached scsi generic sg1 type 0
[    7.516056] sd 2:0:1:0: [sdb] 20480 512-byte logical blocks: (10.5 MB/10.0 MiB)
[    7.516110] sd 2:0:1:0: [sdb] Write Protect is off
[    7.516202] sd 2:0:1:0: [sdb] Incomplete mode parameter data
[    7.516203] sd 2:0:1:0: [sdb] Assuming drive cache: write through
[    7.519630] sd 2:0:1:0: [sdb] Attached SCSI disk
[    8.160807] floppy0: no floppy controllers found
Begin: Loading essential drivers ... [    9.616023] raid6: sse2x1   gen() 10821 MB/s
[    9.708230] raid6: sse2x1   xor()  8055 MB/s
[    9.816135] raid6: sse2x2   gen() 13778 MB/s
[    9.912280] raid6: sse2x2   xor()  9076 MB/s
[    9.976090] raid6: sse2x4   gen() 12511 MB/s
[   10.032017] raid6: sse2x4   xor()  8610 MB/s
[   10.061311] raid6: using algorithm sse2x2 gen() 13778 MB/s
[   10.085282] raid6: .... xor() 9076 MB/s, rmw enabled
[   10.110444] raid6: using ssse3x2 recovery algorithm
[   10.129950] xor: automatically using best checksumming function   avx       
[   10.160410] async_tx: api initialized (async)
done.
Begin: Running /scripts/init-premount ... done.
Begin: Mounting root file system ... Begin: R[   10.233313] Btrfs loaded, crc32c=crc32c-intel
unning /scripts/local-top ... done.
Begin: Running /scripts/local-premount ... Scanning for Btrfs filesystems
done.
Warning: [   10.319210] EXT4-fs (sda1): mounted filesystem with ordered data mode. Opts: (null)
fsck not present, so skipping root file system
done.
Begin: Running /scripts/local-bottom ... done.
Begin: Running /scripts/init-bottom ... /scripts/init-bottom/plymouth: line 18: /bin/plymouth: not found
done.
[   10.509134] ip_tables: (C) 2000-2006 Netfilter Core Team
[   10.595354] systemd[1]: systemd 234 running in system mode. (+PAM +AUDIT +SELINUX +IMA +APPARMOR +SMACK +SYSVINIT +UTMP +LIBCRYPTSETUP +GCRYPT +GNUTLS +ACL +XZ +LZ4 +SECCOMP +BLKID +ELFUTILS +KMOD -IDN2 +IDN default-hierarchy=hybrid)
[   10.672177] systemd[1]: Detected virtualization oracle.
[   10.692629] systemd[1]: Detected architecture x86-64.

Welcome to [1mUbuntu 17.10[0m!

[   10.741682] systemd[1]: Set hostname to <rails-dev-box>.
[   11.049246] systemd[1]: Listening on Journal Socket.
[[0;32m  OK  [0m] Listening on Journal Socket.
[   11.096363] systemd[1]: Listening on Journal Socket (/dev/log).
[[0;32m  OK  [0m] Listening on Journal Socket (/dev/log).
[   11.208344] systemd[1]: Listening on udev Control Socket.
[[0;32m  OK  [0m] Listening on udev Control Socket.
[   11.257783] systemd[1]: Created slice User and Session Slice.
[[0;32m  OK  [0m] Created slice User and Session Slice.
[   11.383118] systemd[1]: Listening on Network Service Netlink Socket.
[[0;32m  OK  [0m] Listening on Network Service Netlink Socket.
[   11.462964] systemd[1]: Listening on Device-mapper event daemon FIFOs.
[[0;32m  OK  [0m] Listening on Device-mapper event daemon FIFOs.
[[0;32m  OK  [0m] Listening on LVM2 metadata daemon socket.
[[0;32m  OK  [0m] Set up automount Arbitrary Executab…rmats File System Automount Point.
[[0;32m  OK  [0m] Started Forward Password Requests to Wall Directory Watch.
[[0;32m  OK  [0m] Listening on /dev/initctl Compatibility Named Pipe.
[[0;32m  OK  [0m] Listening on Journal Audit Socket.
[[0;32m  OK  [0m] Reached target User and Group Name Lookups.
[[0;32m  OK  [0m] Listening on Syslog Socket.
[[0;32m  OK  [0m] Created slice System Slice.
         Mounting Kernel Debug File System...
[[0;32m  OK  [0m] Reached target Slices.
         Starting Journal Service...
         Starting Monitoring of LVM2 mirrors…ng dmeventd or progress polling...
         Mounting POSIX Message Queue File System...
         Starting Load Kernel Modules...
[   12.012765] Loading iSCSI transport class v2.0-870.
         Startin[   12.028987] iscsi: registered transport (tcp)
g Remount Root and Kernel File Systems...
[   12.104538] iscsi: registered transport (iser)
[   12.111413] EXT4-fs (sda1): re-mounted. Opts: (null)
[[0;32m  OK  [0m] Created slice system-serial\x2dgetty.slice.
[[0;32m  OK  [0m] Created slice system-postgresql.slice.
         Starting Set the console keyboard layout...
         Starting Uncomplicated firewall...
         Starting Create list of required st…ce nodes for the current kernel...
         Mounting Huge Pages File System...
[[0;32m  OK  [0m] Listening on udev Kernel Socket.
[[0;32m  OK  [0m] Listening on LVM2 poll daemon socket.
[[0;32m  OK  [0m] Mounted Kernel Debug File System.
[[0;32m  OK  [0m] Mounted POSIX Message Queue File System.
[[0;32m  OK  [0m] Mounted Huge Pages File System.
[[0;32m  OK  [0m] Started Journal Service.
[[0;32m  OK  [0m] Started Load Kernel Modules.
[[0;32m  OK  [0m] Started Remount Root and Kernel File Systems.
[[0;32m  OK  [0m] Started Set the console keyboard layout.
[[0;32m  OK  [0m] Started Uncomplicated firewall.
[[0;32m  OK  [0m] Started Create list of required sta…vice nodes for the current kernel.
[[0;32m  OK  [0m] Started LVM2 metadata daemon[   12.892744] random: crng init done
.
         Starting Create Static Device Nodes in /dev...
         Starting udev Coldplug all Devices...
         Starting Load/Save Random Seed...
         Activating swap /swapfile...
         Starting Apply Kernel Variables...
         Mounting Kernel Configuration File System...
         Mounting FUSE Control File System...
         Starting Flush Journal to Persistent Storage...
[[0;32m  OK  [0m] Activated swap /swapfile.
[[0;32m  OK  [0m] Mounted Kernel Configuration File System.
[[0;32m  OK  [0m] Mounted FUSE Control File System.
[[0;32m  OK  [0m] Started Monitoring of LVM2 mirrors,…sing dmeventd or progress polling.
[[0;32m  OK  [0m] Started Create Static Device Nodes in /dev.
[[0;32m  OK  [0m] Started Load/Save Random Seed.
[[0;32m  OK  [0m] Started Apply Kernel Variables.
[[0;32m  OK  [0m] Started udev Coldplug all Devices.
         Starting udev Kernel Device Manager...
[[0;32m  OK  [0m] Reached target Swap.
[[0;32m  OK  [0m] Started udev Kernel Device Manager.
[[0;32m  OK  [0m] Started Dispatch Password Requests to Console Directory Watch.
[[0;32m  OK  [0m] Reached target Encrypted Volumes.
[[0;32m  OK  [0m] Reached target Local File Systems (Pre).
[[0;32m  OK  [0m] Reached target Local File Systems.
         Starting Tell Plymouth To Write Out Runtime Data...
         Starting AppArmor initialization...
         Starting Set console font and keymap...
         Starting ebtables ruleset management...
[[0;32m  OK  [0m] Started Flush Journal to Persistent Storage.
[[0;32m  OK  [0m] Started Tell Plymouth To Write Out Runtime Data.
[[0;32m  OK  [0m] Started Set console font and keymap.
[[0;32m  OK  [0m] Found device /dev/ttyS0.
         Starting Create Volatile Files and Directories...
[[0;32m  OK  [0m] Started ebtables ruleset management.
[[0;32m  OK  [0m] Started Create Volatile Files and Directories.
         Starting Update UTMP about System Boot/Shutdown...
         Starting Initial cloud-init job (pre-networking)...
         Starting Network Time Synchronization...
[[0;32m  OK  [0m] Listening on Load/Save RF Kill Switch Status /dev/rfkill Watch.
[[0;32m  OK  [0m] Started Network Time Synchronization.
[[0;32m  OK  [0m] Reached target System Time Synchronized.
[[0;32m  OK  [0m] Started Update UTMP about System Boot/Shutdown.
[[0;32m  OK  [0m] Started AppArmor initialization.
[   15.338049] cloud-init[533]: Cloud-init v. 17.1 running 'init-local' at Sun, 07 Jan 2018 04:07:39 +0000. Up 15.15 seconds.
[[0;32m  OK  [0m] Started Initial cloud-init job (pre-networking).
[[0;32m  OK  [0m] Reached target Network (Pre).
         Starting Network Service...
[[0;32m  OK  [0m] Started Network Service.
[[0;32m  OK  [0m] Reached target Network.
         Starting Wait for Network to be Configured...
[[0m[0;31m*     [0m] A start job is running for Wait for…k to be Configured (9s / no limit)[K[[0;1;31m*[0m[0;31m*    [0m] A start job is running for Wait for… to be Configured (10s / no limit)[K[[0;31m*[0;1;31m*[0m[0;31m*   [0m] A start job is running for Wait for… to be Configured (11s / no limit)[K[ [0;31m*[0;1;31m*[0m[0;31m*  [0m] A start job is running for Wait for… to be Configured (11s / no limit)[K[  [0;31m*[0;1;31m*[0m[0;31m* [0m] A start job is running for Wait for… to be Configured (12s / no limit)[K[   [0;31m*[0;1;31m*[0m[0;31m*[0m] A start job is running for Wait for… to be Configured (13s / no limit)[K[    [0;31m*[0;1;31m*[0m] A start job is running for Wait for… to be Configured (13s / no limit)[K[     [0;31m*[0m] A start job is running for Wait for… to be Configured (14s / no limit)[K[    [0;31m*[0;1;31m*[0m] A start job is running for Wait for… to be Configured (15s / no limit)[K[   [0;31m*[0;1;31m*[0m[0;31m*[0m] A start job is running for Wait for… to be Configured (15s / no limit)[K[  [0;31m*[0;1;31m*[0m[0;31m* [0m] A start job is running for Wait for… to be Configured (16s / no limit)[K[ [0;31m*[0;1;31m*[0m[0;31m*  [0m] A start job is running for Wait for… to be Configured (17s / no limit)[K[[0;31m*[0;1;31m*[0m[0;31m*   [0m] A start job is running for Wait for… to be Configured (17s / no limit)[K[[0;1;31m*[0m[0;31m*    [0m] A start job is running for Wait for… to be Configured (18s / no limit)[K[[0;32m  OK  [0m] Started Wait for Network to be Configured.
         Starting Initial cloud-init job (metadata service crawler)...
[   30.522757] cloud-init[676]: Cloud-init v. 17.1 running 'init' at Sun, 07 Jan 2018 04:07:53 +0000. Up 29.90 seconds.
[   30.572850] cloud-init[676]: ci-info: +++++++++++++++++++++++++++++Net device info++++++++++++++++++++++++++++++
[[0;32m  OK  [0m] Started Initial cloud-init job (metadata service crawler).
[   30.608871] [cloud-init[0;32m  OK  [0m[676]: ] Reached target Cloud-config availability.ci-info: +---------+------+-----------+---------------+-------+-------------------+

[[0;32m  OK  [0m] Reached target System Initialization.
[   30.724227] [[0;32m  OK  [0m] Listening on D-Bus System Message Bus Socket.
[[0;32m  OK  [0m] Listening on UUID daemon activation socket.
cloud-init[676]: ci-info: |  Device |  Up  |  Address  |      Mask     | Scope |     Hw-Address    |
[   30.759547] cloud-init[676]: ci-info: +---------+------+-----------+---------------+-------+-------------------+
[[0;32m  OK  [0m] Started Daily apt download activities.
[   30.782310] cloud-init[676]: ci-info: | enp0s3: | True | 10.0.2.15 | 255.255.255.0 |   .   | 02:30:bf:8d:09:44 |
[   30.828755] cloud-init[676]: ci-info: | enp0s3: | True |     .     |       .       |   d   | 02:30:bf:8d:09:44 |
[   30.880221] cloud-init[676]: ci-info: |   lo:   | True | 127.0.0.1 |   255.0.0.0   |   .   |         .         |
[   30.889435] cloud-init[676]: ci-info: |   lo:   | True |     .     |       .       |   d   |         .         |
[   30.905397] cloud-init[676]: ci-info: +---------+------+-----------+---------------+-------+-------------------+
[[0;32m  OK  [0m] Started Daily apt upgrade and clean activities.
[   30.931688] cloud-init[676]: ci-info: ++++++++++++++++++++++++++++Route IPv4 info+++++++++++++++++++++++++++++
[   30.984323] cloud-init[676]: ci-info: +-------+-------------+----------+-----------------+-----------+-------+
[   30.985581] cloud-init[676]: ci-info: | Route | Destination | Gateway  |     Genmask     | Interface | Flags |
[   30.988756] cloud-init[676]: ci-info: +-------+-------------+----------+-----------------+-----------+-------+
[   30.989956] cloud-init[676]: ci-info: |   0   |   0.0.0.0   | 10.0.2.2 |     0.0.0.0     |   enp0s3  |   UG  |
         Starting LXD - unix socket.
[[0;32m  OK  [0m] Started Message of the Day.
[   31.049735] cloud-init[676]: ci-info: |   1   |   10.0.2.0  | 0.0.0.0  |  255.255.255.0  |   enp0s3  |   U   |
[   31.136950] cloud-init[676]: ci-info: |   2   |   10.0.2.2  | 0.0.0.0  | 255.255.255.255 |   enp0s3  |   UH  |
[   31.204614] cloud-init[676]: ci-info: +-------+-------------+----------+-----------------+-----------+-------+
         Starting Socket activation for snappy daemon.
[[0;32m  OK  [0m] Started Timer to automatically refresh installed snaps.
[[0;32m  OK  [0m] Started ACPI Events Check.
[[0;32m  OK  [0m] Listening on ACPID Listen Socket.
[[0;32m  OK  [0m] Started systemd-resolved-update-resolvconf.path.
[[0;32m  OK  [0m] Reached target Paths.
[[0;32m  OK  [0m] Started Daily Cleanup of Temporary Directories.
[[0;32m  OK  [0m] Reached target Timers.
[[0;32m  OK  [0m] Listening on LXD - unix socket.
[[0;32m  OK  [0m] Listening on Socket activation for snappy daemon.
[[0;32m  OK  [0m] Reached target Sockets.
[[0;32m  OK  [0m] Reached target Basic System.
         Starting vboxadd.service...
         Starting PostgreSQL Cluster 9.6-main...
         Starting MySQL Community Server...
[[0;32m  OK  [0m] Started memcached daemon.
         Starting System Logging Service...
         Starting Advanced key-value store...
[[0;32m  OK  [0m] Started FUSE filesystem for LXC.
         Starting Snappy daemon...
         Starting LXD - container startup/shutdown...
         Starting Network Name Resolution...
[[0;32m  OK  [0m] Started Regular background program processing daemon.
[[0;32m  OK  [0m] Started Deferred execution scheduler.
         Starting LSB: Record successful boot for GRUB...
         Starting Login Service...
[[0;32m  OK  [0m] Started irqbalance daemon.
         Starting vboxadd-x11.service...
         Starting Resets System Activity Data Collector...
         Starting Accounts Service...
         Starting RabbitMQ Messaging Server...
[[0;32m  OK  [0m] Started D-Bus System Message Bus.
[[0;32m  OK  [0m] Started System Logging Service.
[[0;32m  OK  [0m] Started Snappy daemon.
[[0;32m  OK  [0m] Started Network Name Resolution.
[[0;32m  OK  [0m] Started vboxadd-x11.service.
[[0;32m  OK  [0m] Started Resets System Activity Data Collector.
[[0;32m  OK  [0m] Started Login Service.
         Starting Authorization Manager...
[[0;32m  OK  [0m] Reached target Network is Online.
         Starting Apply the settings specified in cloud-config...
         Starting OpenBSD Secure Shell server...
         Starting iSCSI initiator daemon (iscsid)...
[[0;32m  OK  [0m] Reached target Host and Network Name Lookups.
[[0;32m  OK  [0m] Started vboxadd.service.
[[0;32m  OK  [0m] Started LSB: Record successful boot for GRUB.
[[0;32m  OK  [0m] Started Authorization Manager.
[[0;32m  OK  [0m] Started OpenBSD Secure Shell server.
[[0;32m  OK  [0m] Started Accounts Service.
         Starting vboxadd-service.service...
[[0;32m  OK  [0m] Started iSCSI initiator daemon (iscsid).
[[0;32m  OK  [0m] Reached target Remote File Systems (Pre).
[[0;32m  OK  [0m] Reached target Remote File Systems.
         Starting LSB: automatic crash report generation...
         Starting Permit User Sessions...
[[0;32m  OK  [0m] Started Advanced key-value store.
[[0;32m  OK  [0m] Started Permit User Sessions.
         Starting Terminate Plymouth Boot Screen...
         Starting Hold until boot process finishes up...
[[0;32m  OK  [0m] Started Hold until boot process finishes up.
[[0;32m  OK  [0m] Started Serial Getty on ttyS0.
         Starting Set console scheme...
[[0;32m  OK  [0m] Started Terminate Plymouth Boot Screen.
[[0;32m  OK  [0m] Started Set console scheme.
[[0;32m  OK  [0m] Created slice system-getty.slice.
[[0;32m  OK  [0m] Started Getty on tty1.
[[0;32m  OK  [0m] Reached target Login Prompts.
[[0;32m  OK  [0m] Started vboxadd-service.service.
[[0;32m  OK  [0m] Started LSB: automatic crash report generation.
[[0;32m  OK  [0m] Started LXD - container startup/shutdown.
[   34.250987] cloud-init[1195]: Cloud-init v. 17.1 running 'modules:config' at Sun, 07 Jan 2018 04:07:57 +0000. Up 33.80 seconds.
[[0;32m  OK  [0m] Started Apply the settings specified in cloud-config.
[[0;32m  OK  [0m] Started MySQL Community Server.
[[0;32m  OK  [0m] Started PostgreSQL Cluster 9.6-main.
         Starting PostgreSQL RDBMS...
[[0;32m  OK  [0m] Started PostgreSQL RDBMS.
[[0;32m  OK  [0m] Started RabbitMQ Messaging Server.
[[0;32m  OK  [0m] Reached target Multi-User System.
         Starting Execute cloud user/final scripts...
[[0;32m  OK  [0m] Reached target Graphical Interface.
         Starting Update UTMP about System Runlevel Changes...
[[0;32m  OK  [0m] Started Update UTMP about System Runlevel Changes.
[   38.158999] cloud-init[1800]: Cloud-init v. 17.1 running 'modules:final' at Sun, 07 Jan 2018 04:08:01 +0000. Up 37.83 seconds.
[   38.174706] cloud-init[1800]: Cloud-init v. 17.1 finished at Sun, 07 Jan 2018 04:08:02 +0000. Datasource DataSourceNoCloud [seed=/dev/sdb][dsmode=net].  Up 38.15 seconds
[[0;32m  OK  [0m] Started Execute cloud user/final scripts.

Ubuntu 17.10 rails-dev-box ttyS0

rails-dev-box login: [[0;32m  OK  [0m] Stopped target Cloud-init target.
         Stopping Ses          Stopping LSB: Record successful boot for GRUB...
         Stopping D-Bus System Message Bus...
         Stopping OpenBSD Secure Shell server...
         Stopping RabbitMQ Messaging Server...
         Stopping MySQL Community Server...
[[0;32m  OK  [0m] Stopped Apply the settings specified in cloud-config.
[[0;32m  OK  [0m] Stopped target Cloud-config availability.
         Stopping Snappy daemon...
         Stopping vboxadd-x11.service...
         Stopping System Logging Service...
[[0;32m  OK  [0m] Unmounted /var/lib/lxcfs.
[[0;32m  OK  [0m] Stopped memcached daemon.
[[0;32m  OK  [0m] Stopped System Logging Service.
[[0;32m  OK  [0m] Stopped Snappy daemon.
[[0;32m  OK  [0m] Stopped Regular background program processing daemon.
[[0;32m  OK  [0m] Stopped Deferred execution scheduler.
[[0;32m  OK  [0m] Stopped irqbalance daemon.
[[0;32m  OK  [0m] Stopped Accounts Service.
[[0;32m  OK  [0m] Stopped Authorization Manager.
[[0;32m  OK  [0m] Stopped OpenBSD Secure Shell server.
[[0;32m  OK  [0m] Stopped Serial Getty on ttyS0.
[[0;32m  OK  [0m] Stopped Getty on tty1.
[[0;32m  OK  [0m] Stopped User Manager for UID 1000.
[[0;32m  OK  [0m] Stopped vboxadd-service.service.
[[0;32m  OK  [0m] Stopped D-Bus System Message Bus.
[[0;32m  OK  [0m] Stopped vboxadd-x11.service.
[[0;32m  OK  [0m] Stopped FUSE filesystem for LXC.
[[0;32m  OK  [0m] Stopped Session 24 of user vagrant.
         Stopping vboxadd.service...
[[0;32m  OK  [0m] Removed slice User Slice of vagrant.
         Stopping Login Service...
[[0;32m  OK  [0m] Removed slice system-getty.slice.
         Stopping Permit User Sessions...
[[0;32m  OK  [0m] Removed slice system-serial\x2dgetty.slice.
[[0;32m  OK  [0m] Unmounted /vagrant.
[[0;32m  OK  [0m] Stopped LSB: automatic crash report generation.
[[0;32m  OK  [0m] Stopped Login Service.
[[0;32m  OK  [0m] Stopped LSB: Record successful boot for GRUB.
[[0;32m  OK  [0m] Stopped Advanced key-value store.
[[0;32m  OK  [0m] Stopped vboxadd.service.
[[0;32m  OK  [0m] Stopped Permit User Sessions.
[[0;32m  OK  [0m] Stopped target User and Group Name Lookups.
[[0;32m  OK  [0m] Stopped target Remote File Systems.
[[0;32m  OK  [0m] Stopped target Remote File Systems (Pre).
         Stopping iSCSI initiator daemon (iscsid)...
[[0;32m  OK  [0m] Stopped LXD - container startup/shutdown.
[[0;32m  OK  [0m] Stopped iSCSI initiator daemon (iscsid).
[[0;32m  OK  [0m] Stopped target Network is Online.
         Stopping Network Name Resolution...
[[0;32m  OK  [0m] Stopped Network Name Resolution.
[[0;32m  OK  [0m] Stopped PostgreSQL Cluster 9.6-main.
[[0;32m  OK  [0m] Removed slice system-postgresql.slice.
[[0;32m  OK  [0m] Stopped MySQL Community Server.
