[    0.000000] random: get_random_bytes called from start_kernel+0x42/0x4e1 with crng_init=0
[    0.000000] Linux version 4.13.0-21-generic (buildd@lgw01-amd64-037) (gcc version 7.2.0 (Ubuntu 7.2.0-8ubuntu3)) #24-Ubuntu SMP Mon Dec 18 17:29:16 UTC 2017 (Ubuntu 4.13.0-21.24-generic 4.13.13)
[    0.000000] Command line: BOOT_IMAGE=/boot/vmlinuz-4.13.0-21-generic root=LABEL=cloudimg-rootfs ro console=tty1 console=ttyS0
[    0.000000] KERNEL supported cpus:
[    0.000000]   Intel GenuineIntel
[    0.000000]   AMD AuthenticAMD
[    0.000000]   Centaur CentaurHauls
[    0.000000] XSAVE consistency problem, dumping leaves
[    0.000000] ------------[ cut here ]------------
[    0.000000] WARNING: CPU: 0 PID: 0 at /build/linux-8h04gD/linux-4.13.0/arch/x86/kernel/fpu/xstate.c:596 fpu__init_system_xstate+0x437/0x7f0
[    0.000000] Modules linked in:
[    0.000000] CPU: 0 PID: 0 Comm: swapper Not tainted 4.13.0-21-generic #24-Ubuntu
[    0.000000] task: ffffffffa2410480 task.stack: ffffffffa2400000
[    0.000000] RIP: 0010:fpu__init_system_xstate+0x437/0x7f0
[    0.000000] RSP: 0000:ffffffffa2403d88 EFLAGS: 00010082 ORIG_RAX: 0000000000000000
[    0.000000] RAX: 0000000000000029 RBX: 000000000000000a RCX: ffffffffa245fd88
[    0.000000] RDX: 0000000000000000 RSI: 0000000000000096 RDI: 0000000000000047
[    0.000000] RBP: ffffffffa2403de8 R08: 6f63204556415358 R09: 0000000000000007
[    0.000000] R10: ffffffffa265be00 R11: 0000000000000000 R12: 0000000000000340
[    0.000000] R13: 0000000000000440 R14: ffffffffa2403da8 R15: 0000000000000100
[    0.000000] FS:  0000000000000000(0000) GS:ffffffffa267f000(0000) knlGS:0000000000000000
[    0.000000] CS:  0010 DS: 0000 ES: 0000 CR0: 0000000080050033
[    0.000000] CR2: ffff88000008a000 CR3: 000000007b513000 CR4: 00000000000406a0
[    0.000000] Call Trace:
[    0.000000]  ? get_cpu_cap+0x2a3/0x370
[    0.000000]  ? msr_clear_bit+0x3a/0xa0
[    0.000000]  fpu__init_system+0x1fb/0x248
[    0.000000]  early_cpu_init+0x145/0x14c
[    0.000000]  ? 0xffffffffa1600000
[    0.000000]  setup_arch+0xbf/0xcd4
[    0.000000]  ? printk+0x52/0x6e
[    0.000000]  ? early_idt_handler_array+0x120/0x120
[    0.000000]  start_kernel+0xab/0x4e1
[    0.000000]  ? early_idt_handler_array+0x120/0x120
[    0.000000]  x86_64_start_reservations+0x24/0x26
[    0.000000]  x86_64_start_kernel+0x13e/0x161
[    0.000000]  secondary_startup_64+0x9f/0x9f
[    0.000000] Code: 0f 85 42 fd ff ff 44 3b 25 44 e9 22 00 74 2c 80 3d b2 94 f6 ff 00 75 15 48 c7 c7 78 f9 28 a2 c6 05 a2 94 f6 ff 01 e8 9f 70 03 ff <0f> ff 83 3d f5 be d7 ff 00 74 05 e8 4b b5 f8 fe 48 8b 35 87 f3 
[    0.000000] ---[ end trace 22d9cd1f781fb7a6 ]---
[    0.000000] CPUID[0d, 00]: eax=00000007 ebx=00000440 ecx=00000440 edx=00000000
[    0.000000] CPUID[0d, 01]: eax=00000000 ebx=00000440 ecx=00000000 edx=00000000
[    0.000000] CPUID[0d, 02]: eax=00000100 ebx=00000240 ecx=00000000 edx=00000000
[    0.000000] CPUID[0d, 03]: eax=00000000 ebx=00000000 ecx=00000000 edx=00000000
[    0.000000] CPUID[0d, 04]: eax=00000000 ebx=00000000 ecx=00000000 edx=00000000
[    0.000000] CPUID[0d, 05]: eax=00000000 ebx=00000000 ecx=00000000 edx=00000000
[    0.000000] CPUID[0d, 06]: eax=00000000 ebx=00000000 ecx=00000000 edx=00000000
[    0.000000] CPUID[0d, 07]: eax=00000000 ebx=00000000 ecx=00000000 edx=00000000
[    0.000000] CPUID[0d, 08]: eax=00000000 ebx=00000000 ecx=00000000 edx=00000000
[    0.000000] CPUID[0d, 09]: eax=00000000 ebx=00000000 ecx=00000000 edx=00000000
[    0.000000] CPUID[0d, 0a]: eax=00000000 ebx=00000000 ecx=00000000 edx=00000000
[    0.000000] CPUID[0d, 0b]: eax=00000000 ebx=00000000 ecx=00000000 edx=00000000
[    0.000000] CPUID[0d, 0c]: eax=00000000 ebx=00000000 ecx=00000000 edx=00000000
[    0.000000] CPUID[0d, 0d]: eax=00000000 ebx=00000000 ecx=00000000 edx=00000000
[    0.000000] CPUID[0d, 0e]: eax=00000000 ebx=00000000 ecx=00000000 edx=00000000
[    0.000000] CPUID[0d, 0f]: eax=00000000 ebx=00000000 ecx=00000000 edx=00000000
[    0.000000] CPUID[0d, 10]: eax=00000000 ebx=00000000 ecx=00000000 edx=00000000
[    0.000000] CPUID[0d, 11]: eax=00000000 ebx=00000000 ecx=00000000 edx=00000000
[    0.000000] CPUID[0d, 12]: eax=00000000 ebx=00000000 ecx=00000000 edx=00000000
[    0.000000] CPUID[0d, 13]: eax=00000000 ebx=00000000 ecx=00000000 edx=00000000
[    0.000000] x86/fpu: Supporting XSAVE feature 0x001: 'x87 floating point registers'
[    0.000000] x86/fpu: Supporting XSAVE feature 0x002: 'SSE registers'
[    0.000000] x86/fpu: Supporting XSAVE feature 0x004: 'AVX registers'
[    0.000000] x86/fpu: xstate_offset[2]:  576, xstate_sizes[2]:  256
[    0.000000] x86/fpu: Enabled xstate features 0x7, context size is 1088 bytes, using 'standard' format.
[    0.000000] e820: BIOS-provided physical RAM map:
[    0.000000] BIOS-e820: [mem 0x0000000000000000-0x000000000009fbff] usable
[    0.000000] BIOS-e820: [mem 0x000000000009fc00-0x000000000009ffff] reserved
[    0.000000] BIOS-e820: [mem 0x00000000000f0000-0x00000000000fffff] reserved
[    0.000000] BIOS-e820: [mem 0x0000000000100000-0x000000007ffeffff] usable
[    0.000000] BIOS-e820: [mem 0x000000007fff0000-0x000000007fffffff] ACPI data
[    0.000000] BIOS-e820: [mem 0x00000000fec00000-0x00000000fec00fff] reserved
[    0.000000] BIOS-e820: [mem 0x00000000fee00000-0x00000000fee00fff] reserved
[    0.000000] BIOS-e820: [mem 0x00000000fffc0000-0x00000000ffffffff] reserved
[    0.000000] NX (Execute Disable) protection: active
[    0.000000] random: fast init done
[    0.000000] SMBIOS 2.5 present.
[    0.000000] DMI: innotek GmbH VirtualBox/VirtualBox, BIOS VirtualBox 12/01/2006
[    0.000000] Hypervisor detected: KVM
[    0.000000] tsc: Unable to calibrate against PIT
[    0.000000] tsc: No reference (HPET/PMTIMER) available
[    0.000000] e820: last_pfn = 0x7fff0 max_arch_pfn = 0x400000000
[    0.000000] MTRR: Disabled
[    0.000000] x86/PAT: MTRRs disabled, skipping PAT initialization too.
[    0.000000] CPU MTRRs all blank - virtualized system.
[    0.000000] x86/PAT: Configuration [0-7]: WB  WT  UC- UC  WB  WT  UC- UC  
[    0.000000] found SMP MP-table at [mem 0x0009fff0-0x0009ffff] mapped at [ffff8a360009fff0]
[    0.000000] Scanning 1 areas for low memory corruption
[    0.000000] RAMDISK: [mem 0x3682f000-0x3740efff]
[    0.000000] ACPI: Early table checksum verification disabled
[    0.000000] ACPI: RSDP 0x00000000000E0000 000024 (v02 VBOX  )
[    0.000000] ACPI: XSDT 0x000000007FFF0030 00003C (v01 VBOX   VBOXXSDT 00000001 ASL  00000061)
[    0.000000] ACPI: FACP 0x000000007FFF00F0 0000F4 (v04 VBOX   VBOXFACP 00000001 ASL  00000061)
[    0.000000] ACPI: DSDT 0x000000007FFF0470 0021FF (v02 VBOX   VBOXBIOS 00000002 INTL 20100528)
[    0.000000] ACPI: FACS 0x000000007FFF0200 000040
[    0.000000] ACPI: FACS 0x000000007FFF0200 000040
[    0.000000] ACPI: APIC 0x000000007FFF0240 00005C (v02 VBOX   VBOXAPIC 00000001 ASL  00000061)
[    0.000000] ACPI: SSDT 0x000000007FFF02A0 0001CC (v01 VBOX   VBOXCPUT 00000002 INTL 20100528)
[    0.000000] No NUMA configuration found
[    0.000000] Faking a node at [mem 0x0000000000000000-0x000000007ffeffff]
[    0.000000] NODE_DATA(0) allocated [mem 0x7ffc5000-0x7ffeffff]
[    0.000000] kvm-clock: Using msrs 4b564d01 and 4b564d00
[    0.000000] kvm-clock: cpu 0, msr 0:7ff45001, primary cpu clock
[    0.000000] kvm-clock: using sched offset of 4390515371 cycles
[    0.000000] clocksource: kvm-clock: mask: 0xffffffffffffffff max_cycles: 0x1cd42e4dffb, max_idle_ns: 881590591483 ns
[    0.000000] Zone ranges:
[    0.000000]   DMA      [mem 0x0000000000001000-0x0000000000ffffff]
[    0.000000]   DMA32    [mem 0x0000000001000000-0x000000007ffeffff]
[    0.000000]   Normal   empty
[    0.000000]   Device   empty
[    0.000000] Movable zone start for each node
[    0.000000] Early memory node ranges
[    0.000000]   node   0: [mem 0x0000000000001000-0x000000000009efff]
[    0.000000]   node   0: [mem 0x0000000000100000-0x000000007ffeffff]
[    0.000000] Initmem setup node 0 [mem 0x0000000000001000-0x000000007ffeffff]
[    0.000000] ACPI: PM-Timer IO Port: 0x4008
[    0.000000] IOAPIC[0]: apic_id 2, version 32, address 0xfec00000, GSI 0-23
[    0.000000] ACPI: INT_SRC_OVR (bus 0 bus_irq 0 global_irq 2 dfl dfl)
[    0.000000] ACPI: INT_SRC_OVR (bus 0 bus_irq 9 global_irq 9 high level)
[    0.000000] Using ACPI (MADT) for SMP configuration information
[    0.000000] smpboot: Allowing 2 CPUs, 0 hotplug CPUs
[    0.000000] PM: Registered nosave memory: [mem 0x00000000-0x00000fff]
[    0.000000] PM: Registered nosave memory: [mem 0x0009f000-0x0009ffff]
[    0.000000] PM: Registered nosave memory: [mem 0x000a0000-0x000effff]
[    0.000000] PM: Registered nosave memory: [mem 0x000f0000-0x000fffff]
[    0.000000] e820: [mem 0x80000000-0xfebfffff] available for PCI devices
[    0.000000] Booting paravirtualized kernel on KVM
[    0.000000] clocksource: refined-jiffies: mask: 0xffffffff max_cycles: 0xffffffff, max_idle_ns: 7645519600211568 ns
[    0.000000] setup_percpu: NR_CPUS:8192 nr_cpumask_bits:2 nr_cpu_ids:2 nr_node_ids:1
[    0.000000] percpu: Embedded 39 pages/cpu @ffff8a367fc00000 s119704 r8192 d31848 u1048576
[    0.000000] PV qspinlock hash table entries: 256 (order: 0, 4096 bytes)
[    0.000000] Built 1 zonelists in Node order, mobility grouping on.  Total pages: 515961
[    0.000000] Policy zone: DMA32
[    0.000000] Kernel command line: BOOT_IMAGE=/boot/vmlinuz-4.13.0-21-generic root=LABEL=cloudimg-rootfs ro console=tty1 console=ttyS0
[    0.000000] PID hash table entries: 4096 (order: 3, 32768 bytes)
[    0.000000] Memory: 2028932K/2096696K available (9294K kernel code, 2479K rwdata, 3996K rodata, 2324K init, 2384K bss, 67764K reserved, 0K cma-reserved)
[    0.000000] SLUB: HWalign=64, Order=0-3, MinObjects=0, CPUs=2, Nodes=1
[    0.000000] ftrace: allocating 37783 entries in 148 pages
[    0.004000] Hierarchical RCU implementation.
[    0.004000] 	RCU restricting CPUs from NR_CPUS=8192 to nr_cpu_ids=2.
[    0.004000] 	Tasks RCU enabled.
[    0.004000] RCU: Adjusting geometry for rcu_fanout_leaf=16, nr_cpu_ids=2
[    0.004000] NR_IRQS: 524544, nr_irqs: 440, preallocated irqs: 16
[    0.004000] Console: colour VGA+ 80x25
[    0.004000] console [tty1] enabled
[    0.004000] console [ttyS0] enabled
[    0.004000] tsc: Detected 2808.002 MHz processor
[    0.004022] Calibrating delay loop (skipped) preset value.. 5616.00 BogoMIPS (lpj=11232008)
[    0.008020] pid_max: default: 32768 minimum: 301
[    0.012084] ACPI: Core revision 20170531
[    0.021404] ACPI: 2 ACPI AML tables successfully acquired and loaded
[    0.024096] Security Framework initialized
[    0.028033] Yama: becoming mindful.
[    0.032069] AppArmor: AppArmor initialized
[    0.040248] Dentry cache hash table entries: 262144 (order: 9, 2097152 bytes)
[    0.048074] Inode-cache hash table entries: 131072 (order: 8, 1048576 bytes)
[    0.052056] Mount-cache hash table entries: 4096 (order: 3, 32768 bytes)
[    0.056040] Mountpoint-cache hash table entries: 4096 (order: 3, 32768 bytes)
[    0.060544] CPU: Physical Processor ID: 0
[    0.064017] CPU: Processor Core ID: 0
[    0.068078] mce: CPU supports 0 MCE banks
[    0.072068] Last level iTLB entries: 4KB 64, 2MB 8, 4MB 8
[    0.076019] Last level dTLB entries: 4KB 64, 2MB 0, 4MB 0, 1GB 4
[    0.080256] Freeing SMP alternatives memory: 36K
[    0.090522] smpboot: Max logical packages: 1
[    0.093343] x2apic enabled
[    0.096015] Switched APIC routing to physical x2apic.
[    0.102036] ..TIMER: vector=0x30 apic1=0 pin1=2 apic2=-1 pin2=-1
[    0.108000] smpboot: CPU0: Intel(R) Core(TM) i7-6600U CPU @ 2.60GHz (family: 0x6, model: 0x4e, stepping: 0x3)
[    0.108141] Performance Events: unsupported p6 CPU model 78 no PMU driver, software events only.
[    0.112145] Hierarchical SRCU implementation.
[    0.120555] smp: Bringing up secondary CPUs ...
[    0.124217] x86: Booting SMP configuration:
[    0.128015] .... node  #0, CPUs:      #1
[    0.004000] kvm-clock: cpu 1, msr 0:7ff45041, secondary cpu clock
[    0.004000] mce: CPU supports 0 MCE banks
[    0.144080] smp: Brought up 1 node, 2 CPUs
[    0.148024] smpboot: Total of 2 processors activated (11232.00 BogoMIPS)
[    0.156015] devtmpfs: initialized
[    0.160093] x86/mm: Memory block size: 128MB
[    0.164256] evm: security.selinux
[    0.168017] evm: security.SMACK64
[    0.172012] evm: security.SMACK64EXEC
[    0.176011] evm: security.SMACK64TRANSMUTE
[    0.180006] evm: security.SMACK64MMAP
[    0.181765] evm: security.ima
[    0.184005] evm: security.capability
[    0.192020] clocksource: jiffies: mask: 0xffffffff max_cycles: 0xffffffff, max_idle_ns: 7645041785100000 ns
[    0.196030] futex hash table entries: 512 (order: 3, 32768 bytes)
[    0.200168] pinctrl core: initialized pinctrl subsystem
[    0.204214] RTC time: 19:07:26, date: 01/14/18
[    0.208369] NET: Registered protocol family 16
[    0.212708] cpuidle: using governor ladder
[    0.216041] cpuidle: using governor menu
[    0.220012] PCCT header not found.
[    0.224369] ACPI: bus type PCI registered
[    0.228023] acpiphp: ACPI Hot Plug PCI Controller Driver version: 0.5
[    0.232839] PCI: Using configuration type 1 for base access
[    0.244087] HugeTLB registered 2.00 MiB page size, pre-allocated 0 pages
[    0.272118] ACPI: Added _OSI(Module Device)
[    0.296021] ACPI: Added _OSI(Processor Device)
[    0.312010] ACPI: Added _OSI(3.0 _SCP Extensions)
[    0.320010] ACPI: Added _OSI(Processor Aggregator Device)
[    0.328767] ACPI: Executed 1 blocks of module-level executable AML code
[    0.344398] ACPI: Interpreter enabled
[    0.352029] ACPI: (supports S0 S5)
[    0.356010] ACPI: Using IOAPIC for interrupt routing
[    0.380088] PCI: Using host bridge windows from ACPI; if necessary, use "pci=nocrs" and report a bug
[    0.384231] ACPI: Enabled 2 GPEs in block 00 to 07
[    0.424679] ACPI: PCI Root Bridge [PCI0] (domain 0000 [bus 00-ff])
[    0.436029] acpi PNP0A03:00: _OSC: OS supports [ASPM ClockPM Segments MSI]
[    0.440103] acpi PNP0A03:00: _OSC: not requesting OS control; OS requires [ExtendedConfig ASPM ClockPM MSI]
[    0.452032] acpi PNP0A03:00: fail to add MMCONFIG information, can't access extended PCI configuration space under this bridge.
[    0.480626] PCI host bridge to bus 0000:00
[    0.482196] pci_bus 0000:00: root bus resource [io  0x0000-0x0cf7 window]
[    0.484009] pci_bus 0000:00: root bus resource [io  0x0d00-0xffff window]
[    0.500014] pci_bus 0000:00: root bus resource [mem 0x000a0000-0x000bffff window]
[    0.504012] pci_bus 0000:00: root bus resource [mem 0x80000000-0xffdfffff window]
[    0.512028] pci_bus 0000:00: root bus resource [bus 00-ff]
[    0.520810] pci 0000:00:01.1: legacy IDE quirk: reg 0x10: [io  0x01f0-0x01f7]
[    0.528014] pci 0000:00:01.1: legacy IDE quirk: reg 0x14: [io  0x03f6]
[    0.532006] pci 0000:00:01.1: legacy IDE quirk: reg 0x18: [io  0x0170-0x0177]
[    0.534304] pci 0000:00:01.1: legacy IDE quirk: reg 0x1c: [io  0x0376]
[    0.603308] pci 0000:00:07.0: quirk: [io  0x4000-0x403f] claimed by PIIX4 ACPI
[    0.608056] pci 0000:00:07.0: quirk: [io  0x4100-0x410f] claimed by PIIX4 SMB
[    0.626424] ACPI: PCI Interrupt Link [LNKA] (IRQs 5 9 10 *11)
[    0.636393] ACPI: PCI Interrupt Link [LNKB] (IRQs 5 9 10 *11)
[    0.644352] ACPI: PCI Interrupt Link [LNKC] (IRQs 5 9 *10 11)
[    0.656160] ACPI: PCI Interrupt Link [LNKD] (IRQs 5 *9 10 11)
[    0.660006] SCSI subsystem initialized
[    0.668126] pci 0000:00:02.0: vgaarb: setting as boot VGA device
[    0.671151] pci 0000:00:02.0: vgaarb: VGA device added: decodes=io+mem,owns=io+mem,locks=none
[    0.672009] pci 0000:00:02.0: vgaarb: bridge control possible
[    0.676010] vgaarb: loaded
[    0.680084] ACPI: bus type USB registered
[    0.681611] usbcore: registered new interface driver usbfs
[    0.684043] usbcore: registered new interface driver hub
[    0.688068] usbcore: registered new device driver usb
[    0.692053] EDAC MC: Ver: 3.0.0
[    0.692254] PCI: Using ACPI for IRQ routing
[    0.693500] NetLabel: Initializing
[    0.696005] NetLabel:  domain hash size = 128
[    0.697355] NetLabel:  protocols = UNLABELED CIPSOv4 CALIPSO
[    0.700029] NetLabel:  unlabeled traffic allowed by default
[    0.704129] clocksource: Switched to clocksource kvm-clock
[    0.741380] VFS: Disk quotas dquot_6.6.0
[    0.751551] VFS: Dquot-cache hash table entries: 512 (order 0, 4096 bytes)
[    0.761486] AppArmor: AppArmor Filesystem Enabled
[    0.764468] pnp: PnP ACPI init
[    0.767422] pnp: PnP ACPI: found 3 devices
[    0.783819] clocksource: acpi_pm: mask: 0xffffff max_cycles: 0xffffff, max_idle_ns: 2085701024 ns
[    0.796106] NET: Registered protocol family 2
[    0.797291] TCP established hash table entries: 16384 (order: 5, 131072 bytes)
[    0.808646] TCP bind hash table entries: 16384 (order: 6, 262144 bytes)
[    0.816263] TCP: Hash tables configured (established 16384 bind 16384)
[    0.817625] UDP hash table entries: 1024 (order: 3, 32768 bytes)
[    0.818883] UDP-Lite hash table entries: 1024 (order: 3, 32768 bytes)
[    0.820260] NET: Registered protocol family 1
[    0.821414] pci 0000:00:00.0: Limiting direct PCI/PCI transfers
[    0.822801] pci 0000:00:01.0: Activating ISA DMA hang workarounds
[    0.824162] pci 0000:00:02.0: Video device with shadowed ROM at [mem 0x000c0000-0x000dffff]
[    0.832399] Unpacking initramfs...
[    5.299273] Freeing initrd memory: 12160K
[    5.333990] platform rtc_cmos: registered platform RTC device (no PNP device found)
[    5.387709] Scanning for low memory corruption every 60 seconds
[    5.474106] audit: initializing netlink subsys (disabled)
[    5.535010] audit: type=2000 audit(1515956850.508:1): state=initialized audit_enabled=0 res=1
[    5.535502] Initialise system trusted keyrings
[    5.535524] Key type blacklist registered
[    5.535572] workingset: timestamp_bits=36 max_order=19 bucket_order=0
[    5.537603] zbud: loaded
[    5.538413] squashfs: version 4.0 (2009/01/31) Phillip Lougher
[    5.538820] fuse init (API version 7.26)
[    5.540455] Key type asymmetric registered
[    5.540456] Asymmetric key parser 'x509' registered
[    5.540512] Block layer SCSI generic (bsg) driver version 0.4 loaded (major 247)
[    5.540541] io scheduler noop registered
[    5.540542] io scheduler deadline registered
[    5.540595] io scheduler cfq registered (default)
[    6.057238] ACPI: AC Adapter [AC] (off-line)
[    6.109481] input: Power Button as /devices/LNXSYSTM:00/LNXPWRBN:00/input/input0
[    6.155810] ACPI: Power Button [PWRF]
[    6.190273] input: Sleep Button as /devices/LNXSYSTM:00/LNXSLPBN:00/input/input1
[    6.217470] ACPI: Sleep Button [SLPF]
[    6.226239] ACPI: Battery Slot [BAT0] (battery present)
[    6.228712] GHES: HEST is not enabled!
[    6.228869] Serial: 8250/16550 driver, 32 ports, IRQ sharing enabled
[    6.278087] 00:02: ttyS0 at I/O 0x3f8 (irq = 4, base_baud = 115200) is a 16550A
[    6.290506] Linux agpgart interface v0.103
[    6.311403] loop: module loaded
[    6.322409] scsi host0: ata_piix
[    6.344206] tsc: Refined TSC clocksource calibration: 2807.328 MHz
[    6.365042] clocksource: tsc: mask: 0xffffffffffffffff max_cycles: 0x28774b565f7, max_idle_ns: 440795264842 ns
[    6.370622] scsi host1: ata_piix
[    6.374411] ata1: PATA max UDMA/33 cmd 0x1f0 ctl 0x3f6 bmdma 0xd000 irq 14
[    6.399577] ata2: PATA max UDMA/33 cmd 0x170 ctl 0x376 bmdma 0xd008 irq 15
[    6.408567] libphy: Fixed MDIO Bus: probed
[    6.436473] tun: Universal TUN/TAP device driver, 1.6
[    6.439066] PPP generic driver version 2.4.2
[    6.457899] ehci_hcd: USB 2.0 'Enhanced' Host Controller (EHCI) Driver
[    6.509083] ehci-pci: EHCI PCI platform driver
[    6.535189] ehci-platform: EHCI generic platform driver
[    6.554410] ohci_hcd: USB 1.1 'Open' Host Controller (OHCI) Driver
[    6.621989] ohci-pci: OHCI PCI platform driver
[    6.671242] ohci-platform: OHCI generic platform driver
[    6.723655] uhci_hcd: USB Universal Host Controller Interface driver
[    6.829400] i8042: PNP: PS/2 Controller [PNP0303:PS2K,PNP0f03:PS2M] at 0x60,0x64 irq 1,12
[    6.918802] serio: i8042 KBD port at 0x60,0x64 irq 1
[    6.995732] serio: i8042 AUX port at 0x60,0x64 irq 12
[    7.034425] mousedev: PS/2 mouse device common for all mice
[    7.117375] input: AT Translated Set 2 keyboard as /devices/platform/i8042/serio0/input/input2
[    7.129188] rtc_cmos rtc_cmos: rtc core: registered rtc_cmos as rtc0
[    7.149037] rtc_cmos rtc_cmos: alarms up to one day, 114 bytes nvram
[    7.201266] i2c /dev entries driver
[    7.208040] device-mapper: uevent: version 1.0.3
[    7.228135] device-mapper: ioctl: 4.37.0-ioctl (2017-09-20) initialised: dm-devel@redhat.com
[    7.287379] ledtrig-cpu: registered to indicate activity on CPUs
[    7.310793] NET: Registered protocol family 10
[    7.373468] Segment Routing with IPv6
[    7.388123] NET: Registered protocol family 17
[    7.395230] Key type dns_resolver registered
[    7.404582] RAS: Correctable Errors collector initialized.
[    7.413417] sched_clock: Marking stable (7412628668, 0)->(15432592819, -8019964151)
[    7.422071] registered taskstats version 1
[    7.431120] Loading compiled-in X.509 certificates
[    7.442622] Loaded X.509 cert 'Build time autogenerated kernel key: 8c61b306cc82289e70547acfa97fb64605db7755'
[    7.498332] zswap: loaded using pool lzo/zbud
[    7.515195] Key type big_key registered
[    7.557480] Key type trusted registered
[    7.601820] Key type encrypted registered
[    7.646624] AppArmor: AppArmor sha1 policy hashing enabled
[    7.687997] ima: No TPM chip found, activating TPM-bypass! (rc=-19)
[    7.743452] evm: HMAC attrs: 0x1
[    7.780814]   Magic number: 2:102:142
[    7.806138] rtc_cmos rtc_cmos: setting system clock to 2018-01-14 19:07:34 UTC (1515956854)
[    7.886968] BIOS EDD facility v0.16 2004-Jun-25, 0 devices found
[    7.892255] EDD information not available.
[    7.908350] Freeing unused kernel memory: 2324K
[    7.960234] Write protecting the kernel read-only data: 14336k
[    8.009669] Freeing unused kernel memory: 932K
[    8.058182] Freeing unused kernel memory: 100K
[    8.094245] x86/mm: Checked W+X mappings: passed, no W+X pages found.
Loading, please wait...
starting version 234
[    8.260703] Fusion MPT base driver 3.04.20
[    8.263747] Copyright (c) 1999-2008 LSI Corporation
[    8.337881] e1000: Intel(R) PRO/1000 Network Driver - version 7.3.21-k8-NAPI
[    8.360264] e1000: Copyright (c) 1999-2006 Intel Corporation.
[    8.384120] AVX version of gcm_enc/dec engaged.
[    8.411925] AES CTR mode by8 optimization enabled
[    8.449835] Fusion MPT SPI Host driver 3.04.20
[    8.537675] input: ImExPS/2 Generic Explorer Mouse as /devices/platform/i8042/serio1/input/input4
[    8.902635] e1000 0000:00:03.0 eth0: (PCI:33MHz:32-bit) 02:30:bf:8d:09:44
[    8.994333] e1000 0000:00:03.0 eth0: Intel(R) PRO/1000 Network Connection
[    9.119713] e1000 0000:00:03.0 enp0s3: renamed from eth0
[    9.120239] mptbase: ioc0: Initiating bringup
[    9.265363] ioc0: LSI53C1030 A0: Capabilities={Initiator}
[    9.533358] scsi host2: ioc0: LSI53C1030 A0, FwRev=00000000h, Ports=1, MaxQ=256, IRQ=20
[    9.733628] scsi 2:0:0:0: Direct-Access     VBOX     HARDDISK         1.0  PQ: 0 ANSI: 5
[    9.766314] scsi target2:0:0: Beginning Domain Validation
[    9.785527] scsi target2:0:0: Domain Validation skipping write tests
[    9.811518] scsi target2:0:0: Ending Domain Validation
[    9.829780] scsi target2:0:0: asynchronous
[    9.853228] scsi 2:0:1:0: Direct-Access     VBOX     HARDDISK         1.0  PQ: 0 ANSI: 5
[    9.862474] scsi target2:0:1: Beginning Domain Validation
[    9.875828] scsi target2:0:1: Domain Validation skipping write tests
[    9.887855] scsi target2:0:1: Ending Domain Validation
[    9.896119] scsi target2:0:1: asynchronous
[    9.938093] sd 2:0:0:0: Attached scsi generic sg0 type 0
[    9.938726] sd 2:0:0:0: [sda] 20971520 512-byte logical blocks: (10.7 GB/10.0 GiB)
[    9.938886] sd 2:0:0:0: [sda] Write Protect is off
[    9.939278] sd 2:0:0:0: [sda] Incomplete mode parameter data
[    9.939282] sd 2:0:0:0: [sda] Assuming drive cache: write through
[    9.968564]  sda: sda1
[    9.970600] sd 2:0:0:0: [sda] Attached SCSI disk
[   10.136649] sd 2:0:1:0: [sdb] 20480 512-byte logical blocks: (10.5 MB/10.0 MiB)
[   10.161527] sd 2:0:1:0: Attached scsi generic sg1 type 0
[   10.162030] sd 2:0:1:0: [sdb] Write Protect is off
[   10.162493] sd 2:0:1:0: [sdb] Incomplete mode parameter data
[   10.162498] sd 2:0:1:0: [sdb] Assuming drive cache: write through
[   10.195081] sd 2:0:1:0: [sdb] Attached SCSI disk
[   11.488645] floppy0: no floppy controllers found
Begin: Loading essential drivers ... [   13.908228] raid6: sse2x1   gen()  7749 MB/s
[   14.008027] raid6: sse2x1   xor()  3048 MB/s
[   14.080114] raid6: sse2x2   gen()  5240 MB/s
[   14.180294] raid6: sse2x2   xor()  3276 MB/s
[   14.280659] raid6: sse2x4   gen()  6172 MB/s
[   14.344336] raid6: sse2x4   xor()  3870 MB/s
[   14.383132] raid6: using algorithm sse2x1 gen() 7749 MB/s
[   14.414937] raid6: .... xor() 3048 MB/s, rmw enabled
[   14.433823] raid6: using ssse3x2 recovery algorithm
[   14.456138] xor: automatically using best checksumming function   avx       
[   14.478150] async_tx: api initialized (async)
done.
Begin: Running /scripts/init-premount ... done.
Begin: Mounting root file system ... Begin: Running /scripts/local-top ... don[   14.583411] Btrfs loaded, crc32c=crc32c-intel
e.
Begin: Running /scripts/local-premount ... Scanning for Btrfs filesystems
done.
Warning: fsck no[   14.663620] EXT4-fs (sda1): INFO: recovery required on readonly filesystem
t present, so sk[   14.681394] EXT4-fs (sda1): write access will be enabled during recovery
ipping root file system
[   14.778501] EXT4-fs (sda1): recovery complete
[   14.819152] EXT4-fs (sda1): mounted filesystem with ordered data mode. Opts: (null)
done.
Begin: Running /scripts/local-bottom ... done.
Begin: Running /scripts/init-bottom ... /scripts/init-bottom/plymouth: line 18: /bin/plymouth: not found
done.
[   15.343009] ip_tables: (C) 2000-2006 Netfilter Core Team
[   15.387435] systemd[1]: systemd 234 running in system mode. (+PAM +AUDIT +SELINUX +IMA +APPARMOR +SMACK +SYSVINIT +UTMP +LIBCRYPTSETUP +GCRYPT +GNUTLS +ACL +XZ +LZ4 +SECCOMP +BLKID +ELFUTILS +KMOD -IDN2 +IDN default-hierarchy=hybrid)
[   15.443607] systemd[1]: Detected virtualization oracle.
[   15.458625] systemd[1]: Detected architecture x86-64.

Welcome to [1mUbuntu 17.10[0m!

[   15.489522] systemd[1]: Set hostname to <rails-dev-box>.
[   16.004015] systemd[1]: Listening on /dev/initctl Compatibility Named Pipe.
[[0;32m  OK  [0m] Listening on /dev/initctl Compatibility Named Pipe.
[   16.031588] systemd[1]: Listening on Journal Socket.
[[0;32m  OK  [0m] Listening on Journal Socket.
[   16.072669] systemd[1]: Listening on Journal Audit Socket.
[[0;32m  OK  [0m] Listening on Journal Audit Socket.
[   16.135988] systemd[1]: Listening on Syslog Socket.
[[0;32m  OK  [0m] Listening on Syslog Socket.
[   16.162410] systemd[1]: Listening on Network Service Netlink Socket.
[[0;32m  OK  [0m] Listening on Network Service Netlink Socket.
[   16.210940] systemd[1]: Listening on Device-mapper event daemon FIFOs.
[[0;32m  OK  [0m] Listening on Device-mapper event daemon FIFOs.
[[0;32m  OK  [0m] Listening on udev Kernel Socket.
[[0;32m  OK  [0m] Listening on udev Control Socket.
[[0;32m  OK  [0m] Set up automount Arbitrary Executab…rmats File System Automount Point.
[[0;32m  OK  [0m] Created slice System Slice.
[[0;32m  OK  [0m] Created slice system-postgresql.slice.
         Starting Load Kernel Modules...
         Mounting POSIX Message Queue File Syste[   16.545514] Loading iSCSI transport class v2.0-870.
m...
[   16.561226] random: crng init done
         Mounting Kernel Debug File System...
         Starting Remount Root a[   16.656242] iscsi: registered transport (tcp)
nd Kernel File Systems...
[[0;32m  OK  [0m] Listening on Journal Socket (/dev/log).
[   16.716608] EXT4-fs (sda1): re-mounted. Opts: (null)
         Mounting Huge Pages File System...
[[0;32m  OK  [[   16.811719] iscsi: registered transport (iser)
0m] Listening on LVM2 poll daemon socket.
[[0;32m  OK  [0m] Reached target User and Group Name Lookups.
         Starting Journal Service...
         Starting Create list of required st…ce nodes for the current kernel...
[[0;32m  OK  [0m] Created slice system-serial\x2dgetty.slice.
[[0;32m  OK  [0m] Listening on LVM2 metadata daemon socket.
         Starting Monitoring of LVM2 mirrors…ng dmeventd or progress polling...
         Starting Set the console keyboard layout...
[[0;32m  OK  [0m] Started Forward Password Requests to Wall Directory Watch.
[[0;32m  OK  [0m] Created slice User and Session Slice.
[[0;32m  OK  [0m] Reached target Slices.
         Starting Uncomplicated firewall...
[[0;32m  OK  [0m] Mounted Kernel Debug File System.
[[0;32m  OK  [0m] Mounted POSIX Message Queue File System.
[[0;32m  OK  [0m] Mounted Huge Pages File System.
[[0;32m  OK  [0m] Started Journal Service.
[[0;32m  OK  [0m] Started Load Kernel Modules.
[[0;32m  OK  [0m] Started Remount Root and Kernel File Systems.
[[0;32m  OK  [0m] Started Create list of required sta…vice nodes for the current kernel.
[[0;32m  OK  [0m] Started Set the console keyboard layout.
[[0;32m  OK  [0m] Started Uncomplicated firewall.
[[0;32m  OK  [0m] Started LVM2 metadata daemon.
         Starting Create Static Device Nodes in /dev...
         Activating swap /swapfile...
         Starting Load/Save Random Seed...
         Starting udev Coldplug all Devices...
         Starting Apply Kernel Variables...
         Mounting Kernel Configuration File System...
         Mounting FUSE Control File System...
         Starting Flush Journal to Persistent Storage...
[[0;32m  OK  [0m] Mounted Kernel Configuration File System.
[[0;32m  OK  [0m] Mounted FUSE Control File System.
[[0;32m  OK  [0m] Activated swap /swapfile.
[[0;32m  OK  [0m] Started Monitoring of LVM2 mirrors,…sing dmeventd or progress polling.
[[0;32m  OK  [0m] Started Create Static Device Nodes in /dev.
[[0;32m  OK  [0m] Started Load/Save Random Seed.
[[0;32m  OK  [0m] Started Apply Kernel Variables.
         Starting udev Kernel Device Manager...
[[0;32m  OK  [0m] Reached target Swap.
[[0;32m  OK  [0m] Started udev Coldplug all Devices.
[[0;32m  OK  [0m] Started udev Kernel Device Manager.
[[0;32m  OK  [0m] Reached target Local File Systems (Pre).
[[0;32m  OK  [0m] Reached target Local File Systems.
         Starting ebtables ruleset management...
         Starting Set console font and keymap...
         Starting AppArmor initialization...
         Starting Tell Plymouth To Write Out Runtime Data...
[[0;32m  OK  [0m] Started Dispatch Password Requests to Console Directory Watch.
[[0;32m  OK  [0m] Reached target Encrypted Volumes.
[[0;32m  OK  [0m] Started Flush Journal to Persistent Storage.
[[0;32m  OK  [0m] Started Set console font and keymap.
[[0;32m  OK  [0m] Started Tell Plymouth To Write Out Runtime Data.
         Starting Create Volatile Files and Directories...
[[0;32m  OK  [0m] Started ebtables ruleset management.
[[0;32m  OK  [0m] Started Create Volatile Files and Directories.
         Starting Network Time Synchronization...
         Starting Initial cloud-init job (pre-networking)...
         Starting Update UTMP about System Boot/Shutdown...
[[0;32m  OK  [0m] Started Network Time Synchronization.
[[0;32m  OK  [0m] Reached target System Time Synchronized.
[[0;32m  OK  [0m] Started Update UTMP about System Boot/Shutdown.
[[0;32m  OK  [0m] Found device /dev/ttyS0.
[[0;32m  OK  [0m] Started AppArmor initialization.
[[0;32m  OK  [0m] Listening on Load/Save RF Kill Switch Status /dev/rfkill Watch.
[   21.411554] cloud-init[452]: Cloud-init v. 17.1 running 'init-local' at Sun, 14 Jan 2018 19:07:47 +0000. Up 20.79 seconds.
[[0;32m  OK  [0m] Started Initial cloud-init job (pre-networking).
[[0;32m  OK  [0m] Reached target Network (Pre).
         Starting Network Service...
[[0;32m  OK  [0m] Started Network Service.
         Starting Wait for Network to be Configured...
[[0;32m  OK  [0m] Reached target Network.
[[0m[0;31m*     [0m] A start job is running for Wait for… to be Configured (10s / no limit)[K[[0;1;31m*[0m[0;31m*    [0m] A start job is running for Wait for… to be Configured (11s / no limit)[K[[0;31m*[0;1;31m*[0m[0;31m*   [0m] A start job is running for Wait for… to be Configured (11s / no limit)[K[ [0;31m*[0;1;31m*[0m[0;31m*  [0m] A start job is running for Wait for… to be Configured (12s / no limit)[K[  [0;31m*[0;1;31m*[0m[0;31m* [0m] A start job is running for Wait for… to be Configured (12s / no limit)[K[   [0;31m*[0;1;31m*[0m[0;31m*[0m] A start job is running for Wait for… to be Configured (13s / no limit)[K[    [0;31m*[0;1;31m*[0m] A start job is running for Wait for… to be Configured (13s / no limit)[K[     [0;31m*[0m] A start job is running for Wait for… to be Configured (14s / no limit)[K[    [0;31m*[0;1;31m*[0m] A start job is running for Wait for… to be Configured (14s / no limit)[K[   [0;31m*[0;1;31m*[0m[0;31m*[0m] A start job is running for Wait for… to be Configured (15s / no limit)[K[  [0;31m*[0;1;31m*[0m[0;31m* [0m] A start job is running for Wait for… to be Configured (15s / no limit)[K[ [0;31m*[0;1;31m*[0m[0;31m*  [0m] A start job is running for Wait for… to be Configured (16s / no limit)[K[[0;31m*[0;1;31m*[0m[0;31m*   [0m] A start job is running for Wait for… to be Configured (16s / no limit)[K[[0;1;31m*[0m[0;31m*    [0m] A start job is running for Wait for… to be Configured (17s / no limit)[K[[0m[0;31m*     [0m] A start job is running for Wait for… to be Configured (17s / no limit)[K[[0;1;31m*[0m[0;31m*    [0m] A start job is running for Wait for… to be Configured (18s / no limit)[K[[0;32m  OK  [0m] Started Wait for Network to be Configured.
         Starting Initial cloud-init job (metadata service crawler)...
[   37.426974] cloud-init[682]: Cloud-init v. 17.1 running 'init' at Sun, 14 Jan 2018 19:08:02 +0000. Up 36.03 seconds.
[   37.481018] cloud-init[682]: ci-info: +++++++++++++++++++++++++++++Net device info++++++++++++++++++++++++++++++
[   37.492356] cloud-init[682]: ci-info: +---------+------+-----------+---------------+-------+-------------------+
[   37.532878] cloud-init[682]: ci-info: |  Device |  Up  |  Address  |      Mask     | Scope |     Hw-Address    |
[   37.542501] cloud-init[682]: ci-info: +---------+------+-----------+---------------+-------+-------------------+
[[0;32m  OK  [0m[   37.576983] ] cloud-initStarted Initial cloud-init job (metadata service crawler).[682]: 
ci-info: | enp0s3: | True | 10.0.2.15 | 255.255.255.0 |   .   | 02:30:bf:8d:09:44 |
[[   37.654094] cloud-init[682]: ci-info: | enp0s3: | True |     .     |       .       |   d   | 02:30:bf:8d:09:44 |
[   37.654293] cloud-init[682]: ci-info: |   lo:   | True | 127.0.0.1 |   255.0.0.0   |   .   |         .         |
[0;32m  OK  [0m] Reached target Cloud-config availability.
[   37.654546] cloud-init[682]: ci-info: |   lo:   | True |     .     |       .       |   d   |         .         |
[[0;32m  OK  [0m] Reached target System Initialization.
[   37.773224] cloud-init[682]: ci-info: +---------+------+-----------+---------------+-------+-------------------+
[[   37.882149] cloud-init[682]: ci-info: ++++++++++++++++++++++++++++Route IPv4 info+++++++++++++++++++++++++++++
[   37.882297] cloud-init[682]: ci-info: +-------+-------------+----------+-----------------+-----------+-------+
[0;32m  OK  [0m] Started Daily Cleanup of Temporary Directories.
[   37.882482] cloud-init[682]: ci-info: | Route | Destination | Gateway  |     Genmask     | Interface | Flags |
         [   37.999594] cloud-init[682]: ci-info: +-------+-------------+----------+-----------------+-----------+-------+
Starting Socket activation for snappy daemon.
[   38.000237] cloud-init[682]: ci-info: |   0   |   0.0.0.0   | 10.0.2.2 |     0.0.0.0     |   enp0s3  |   UG  |
         [   38.130560] Starting LXD - unix socket.
cloud-init[682]: ci-info: |   1   |   10.0.2.0  | 0.0.0.0  |  255.255.255.0  |   enp0s3  |   U   |
[[   38.196425] cloud-init[682]: ci-info: |   2   |   10.0.2.2  | 0.0.0.0  | 255.255.255.255 |   enp0s3  |   UH  |
[   38.196870] cloud-init[682]: ci-info: +-------+-------------+----------+-----------------+-----------+-------+
[0;32m  OK  [0m] Listening on D-Bus System Message Bus Socket.
[[0;32m  OK  [0m] Started Timer to automatically refresh installed snaps.
[[0;32m  OK  [0m] Listening on UUID daemon activation socket.
[[0;32m  OK  [0m] Started Message of the Day.
[[0;32m  OK  [0m] Started systemd-resolved-update-resolvconf.path.
[[0;32m  OK  [0m] Listening on ACPID Listen Socket.
[[0;32m  OK  [0m] Started Daily apt download activities.
[[0;32m  OK  [0m] Started ACPI Events Check.
[[0;32m  OK  [0m] Reached target Paths.
[[0;32m  OK  [0m] Started Daily apt upgrade and clean activities.
[[0;32m  OK  [0m] Reached target Timers.
[[0;32m  OK  [0m] Listening on Socket activation for snappy daemon.
[[0;32m  OK  [0m] Listening on LXD - unix socket.
[[0;32m  OK  [0m] Reached target Sockets.
[[0;32m  OK  [0m] Reached target Basic System.
[[0;32m  OK  [0m] Started Deferred execution scheduler.
[[0;32m  OK  [0m] Started FUSE filesystem for LXC.
         Starting LXD - container startup/shutdown...
[[0;32m  OK  [0m] Started Regular background program processing daemon.
         Starting Network Name Resolution...
         Starting MySQL Community Server...
         Starting vboxadd.service...
         Starting Advanced key-value store...
[[0;32m  OK  [0m] Started D-Bus System Message Bus.
         Starting System Logging Service...
         Starting Accounts Service...
         Starting PostgreSQL Cluster 9.6-main...
[[0;32m  OK  [0m] Started irqbalance daemon.
[[0;32m  OK  [0m] Started memcached daemon.
         Starting LSB: Record successful boot for GRUB...
         Starting Login Service...
         Starting vboxadd-x11.service...
         Starting Resets System Activity Data Collector...
         Starting RabbitMQ Messaging Server...
         Starting Snappy daemon...
[[0;32m  OK  [0m] Started Network Name Resolution.
[[0;32m  OK  [0m] Started System Logging Service.
[[0;32m  OK  [0m] Started Resets System Activity Data Collector.
         Starting Authorization Manager...
[[0;32m  OK  [0m] Reached target Host and Network Name Lookups.
[[0;32m  OK  [0m] Reached target Network is Online.
         Starting OpenBSD Secure Shell server...
         Starting Apply the settings specified in cloud-config...
         Starting iSCSI initiator daemon (iscsid)...
[[0;32m  OK  [0m] Started LSB: Record successful boot for GRUB.
[[0;32m  OK  [0m] Started vboxadd-x11.service.
[[0;32m  OK  [0m] Started Snappy daemon.
[[0;32m  OK  [0m] Started Login Service.
[[0;32m  OK  [0m] Started Authorization Manager.
[[0;32m  OK  [0m] Started Accounts Service.
[[0;32m  OK  [0m] Started Advanced key-value store.
[[0;32m  OK  [0m] Started OpenBSD Secure Shell server.
[[0;32m  OK  [0m] Started iSCSI initiator daemon (iscsid).
[[0;32m  OK  [0m] Reached target Remote File Systems (Pre).
[[0;32m  OK  [0m] Reached target Remote File Systems.
         Starting LSB: automatic crash report generation...
         Starting Permit User Sessions...
[[0;32m  OK  [0m] Started LXD - container startup/shutdown.
[[0;32m  OK  [0m] Started Permit User Sessions.
         Starting Hold until boot process finishes up...
         Starting Terminate Plymouth Boot Screen...
[[0;32m  OK  [0m] Started Terminate Plymouth Boot Screen.
[[0;32m  OK  [0m] Started Hold until boot process finishes up.
         Starting Set console scheme...
[[0;32m  OK  [0m] Started Serial Getty on ttyS0.
[[0;32m  OK  [0m] Started Set console scheme.
[[0;32m  OK  [0m] Started vboxadd.service.
[[0;32m  OK  [0m] Started LSB: automatic crash report generation.
[[0;32m  OK  [0m] Created slice User Slice of vagrant.
         Starting vboxadd-service.service...
[[0;32m  OK  [0m] Created slice system-getty.slice.
[[0;32m  OK  [0m] Started Getty on tty1.
[[0;32m  OK  [0m] Reached target Login Prompts.
         Starting User Manager for UID 1000...
[[0;32m  OK  [0m] Started Session 1 of user vagrant.
[[0;32m  OK  [0m] Started vboxadd-service.service.
[[0;32m  OK  [0m] Started User Manager for UID 1000.
[[0;32m  OK  [0m] Started MySQL Community Server.
[[0;32m  OK  [0m] Started PostgreSQL Cluster 9.6-main.
         Starting PostgreSQL RDBMS...
[[0;32m  OK  [0m] Started PostgreSQL RDBMS.
[   44.719740] cloud-init[1193]: Cloud-init v. 17.1 running 'modules:config' at Sun, 14 Jan 2018 19:08:09 +0000. Up 43.15 seconds.
[[0;32m  OK  [0m] Started Apply the settings specified in cloud-config.

Ubuntu 17.10 rails-dev-box ttyS0

rails-dev-box login: [   53.942229] cloud-init[2070]: Cloud-init v. 17.1 running 'modules:final' at Sun, 14 Jan 2018 19:08:19 +0000. Up 53.21 seconds.
[   53.943756] cloud-init[2070]: Cloud-init v. 17.1 finished at Sun, 14 Jan 2018 19:08:20 +0000. Datasource DataSourceNoCloud [seed=/dev/sdb][dsmode=net].  Up 53.92 seconds
